C51 COMPILER V9.60.0.0   FONT_MENU                                                         05/09/2023 17:03:20 PAGE 1   


C51 COMPILER V9.60.0.0, COMPILATION OF MODULE FONT_MENU
OBJECT MODULE PLACED IN .\Objects\Font_Menu.obj
COMPILER INVOKED BY: C:\Keil_v5\C51\BIN\C51.EXE Softwares\Basic\Font_Menu.c LARGE OMF2 OPTIMIZE(9,SPEED) BROWSE INCDIR(.
                    -\Drivers\Lib\c;.\Drivers\Lib\H;.\Drivers\Lib\IAP_Lib;.\Drivers\Lib\TouchKey_lib;.\Drivers\Physical;.\Drivers\Protocol;.\
                    -Softwares\Application;.\Softwares\Basic;.\Softwares\ModuleLogic;.\Drivers\Protocol\YC_NFC;.\Drivers\Protocol\WIFI_Tuya) 
                    -DEBUG PRINT(.\Listings\Font_Menu.lst) TABS(2) OBJECT(.\Objects\Font_Menu.obj)

line level    source

   1          #include "Font_Menu.h"
   2          #include "Project.h"
   3          #include "Font.h"
   4          
   5          #ifdef Function_ScreenDisplay
              code uint8_t FpUserStr[]={HZ_zhi,HZ_wen,HZ_yong,HZ_hu,HZ_end};
              //code uint8_t FpUserStrEn[]={"FP user"};
              
              code uint8_t CardUserStr[]={HZ_ka,HZ_pian,HZ_yong,HZ_hu,HZ_end};
              //code uint8_t CardUserStrEn[]={"CD user"};
              
              code uint8_t PasscodeUserStr[]={HZ_mi,HZ_ma,HZ_yong,HZ_hu,HZ_end};
              //code uint8_t PasscodeUserStrEn[]={"PW user"};
              
              code uint8_t IdentifyFailStr[]={HZ_yan,HZ_zheng,HZ_shibai,HZ_bai,HZ_end};
              //code uint8_t IdentifyFailStrEn[]={"Identify Fail"};
              
              //code uint8_t RemoteUnlockStr[]={HZ_yuanchu,HZ_chengxu,HZ_kai,HZ_suomen,HZ_end};
              //code uint8_t RemoteUnlockStrEn[]={"Remote"};
              
              code  uint8_t FPHardwareMismatchStr[]={HZ_zhi,HZ_wen,HZ_ying,HZ_jianshu,HZ_bu,HZ_pi,HZ_pei,HZ_end};
              code  uint8_t PLSRestoreFactoryStr[]={HZ_qing,HZ_hui,HZ_fu,HZ_chu,HZ_chang,HZ_end};
              
              //code uint8_t TemporaryPasswordStr[]={HZ_lin,HZ_shi,HZ_mi,HZ_ma,HZ_end};
              //code uint8_t TemporaryPasswordStrEn[]={"Temp PW"};
              
              code uint8_t UserIDStr[]={HZ_bian,HZ_hao,ZF_maohao,HZ_end};
              //code uint8_t UserIDStrEn[]={"ID:"};
              
              //code uint8_t Yes[]={HZ_kongge,HZ_shifou,HZ_kongge,HZ_end};
              //code uint8_t YesEn[]={"YES"};
              
              //code uint8_t No[]={HZ_kongge,HZ_fou,HZ_kongge,HZ_end};
              //code uint8_t NoEn[]={"NO"};
              
              code uint8_t PutFingerStr[]={HZ_kongge,HZ_qing,HZ_fang,HZ_zhiwei,HZ_shou,HZ_zhi,HZ_end}; 
              //  code uint8_t PutFingerStrEn[]={"<Put Finger>"};
              
              code uint8_t InputPasscodeStr[]={HZ_qing,HZ_shu,HZ_ru,HZ_mi,HZ_ma,HZ_end};
              //code uint8_t InputPasscodeStrEn[]={"PLS input PW"};
              code uint8_t ConfirmPasscode[]={HZ_qing,HZ_que,HZ_ding,HZ_mi,HZ_ma,HZ_end};
              //code uint8_t ConfirmPasscodeEn[]={"Confirm PW"};
              
              code uint8_t OperationSuccessStr[]={HZ_cao,HZ_zuo,HZ_cheng,HZ_gong,HZ_end}; 
              //code uint8_t OperationSuccessStrEn[]={"Operation Success"};
              code uint8_t OperationFailStr[]={HZ_cao,HZ_zuo,HZ_shibai,HZ_bai,HZ_end}; 
              //code uint8_t OperationFailStrEn[]={"Operation Fail"};
              code uint8_t PasscodeisBeUsedStr[]={HZ_chong,HZ_fu,HZ_mi,HZ_ma,HZ_end}; 
              
              code uint8_t InputUserIDStr[]={HZ_qing,HZ_shu,HZ_ru,HZ_bian,HZ_hao,HZ_end};
              //code uint8_t InputUserIDStrEn[]={"PLS input ID"};
              
C51 COMPILER V9.60.0.0   FONT_MENU                                                         05/09/2023 17:03:20 PAGE 2   

              code  uint8_t PleaseSwingCardStr[]={HZ_qing,HZ_shua,HZ_ka,HZ_end};//«ÎÀ¢ø®
              //code  uint8_t PleaseSwingCardStrEn[]={"PLS swing card"};
               
              code uint8_t CardCIDisBeUsedStr[]={HZ_chong,HZ_fu,HZ_ka,HZ_hao,HZ_end};
              //code uint8_t CardCIDisBeUsedStrEn[]={"Repeated card"}; 
               
              code uint8_t AddMasterStr[]={HZ_kongge,HZ_qing,HZ_tian,HZ_jia,HZ_guan,HZ_li,HZ_yuan,HZ_end}; 
              //code uint8_t AddMasterStrEn[]={"Add Master First"}; 
              
              code uint8_t UsersFullStr[]={HZ_yong,HZ_hu,HZ_yi,HZ_man,HZ_end}; 
              //code uint8_t UsersFullStrEn[]={"Users Are Full"};
              
              code uint8_t ConfirmRestoreFactoryDefaultStr1[]={HZ_anya,ZF_jinghao,HZ_que,HZ_ding,HZ_hui,HZ_fu,HZ_chu,HZ_
             -chang,HZ_end};
              code uint8_t ConfirmRestoreFactoryDefaultStr2[]={HZ_anya,ZF_xinghao,HZ_fan,HZ_huijia,HZ_end};
              //code uint8_t PressConfirm[]={"Press # to cfm"}; //»∑»œ…æ≥˝
              //code uint8_t PressReturn[]={"Press * to RTN"};  //∞¥*∑µªÿ
              code uint8_t ConfirmDEL[]={HZ_anya,ZF_jinghao,HZ_que,HZ_ding,HZ_shan,HZ_chufa,HZ_end};
              code uint8_t CancelDEL[]={HZ_anya,ZF_xinghao,HZ_fan,HZ_huijia,HZ_end};
              
              
              
              code uint8_t UnlockLogStr[]={HZ_kai,HZ_suomen,HZ_ji,HZ_lu,ZF_hengan,HZ_end};
              //const uint8_t UnlockLogStrEn[]={"Unlock-"}; 
              code uint8_t AddUserStr[]={HZ_tian,HZ_jia,HZ_yong,HZ_hu,ZF_hengan,HZ_end};
              //const uint8_t AddUserStrEn[]={"Add User-"};
              code uint8_t DeleteUserStr[]={HZ_shan,HZ_chufa,HZ_yong,HZ_hu,ZF_hengan,HZ_end};
              //const uint8_t DeleteUserStrEn[]={"Del. User-"};
              code uint8_t LotStr[]={HZ_piliang,HZ_liang,HZ_end};
              //const uint8_t LotStrEn[]={"Lot"};
              code uint8_t TemporaryPasswordStr[]={HZ_lin,HZ_shi,HZ_mi,HZ_ma,HZ_end};
              
              code uint8_t MainMenuStr[][10]= 
              { 
                {ZF_1,ZF_xiaoshudian,HZ_zhi,HZ_wen,HZ_yong,HZ_hu,HZ_guan,HZ_li,HZ_end},           //÷∏Œ∆”√ªßπ‹¿Ì    
                {ZF_2,ZF_xiaoshudian,HZ_mi,HZ_ma,HZ_yong,HZ_hu,HZ_guan,HZ_li,HZ_end},           //√‹¬Î”√ªßπ‹¿Ì    
                {ZF_3,ZF_xiaoshudian,HZ_ka,HZ_pian,HZ_yong,HZ_hu,HZ_guan,HZ_li,HZ_end},           //ø®∆¨”√ªßπ‹¿Ì 
                {ZF_4,ZF_xiaoshudian,HZ_xi,HZ_tong,HZ_she,HZ_zhiwei,HZ_end},      //œµÕ≥…Ë∂®  
                {ZF_5,ZF_xiaoshudian,HZ_ji,HZ_lu,HZ_cha,HZ_xun,HZ_end},       //º«¬º≤È—Ø
                //{HZ_kongge,HZ_kongge,HZ_kongge,HZ_lian,HZ_wang,HZ_kongge,HZ_kongge,HZ_kongge,HZ_end}    //¡™Õ¯        
              };  
              //code uint8_t MainMenuStrEn[][16]= 
              //{ 
              //  {"1.FP user"},        //÷∏Œ∆”√ªßπ‹¿Ì    
              //  {"2.PW user"},        //√‹¬Î”√ªßπ‹¿Ì    
              //  {"3.Card user"},        //ø®∆¨”√ªßπ‹¿Ì 
              //  {"4.System CFG"},       //œµÕ≥…Ë∂®  
              //  //{"   Event log   "},        //ø™À¯º«¬º  
              //  //{"    NetWork"}         //¡™Õ¯≈‰÷√
              //  
              //};
              
              
              code uint8_t FpMenuStr[][11]= 
              { 
                {ZF_1,ZF_xiaoshudian,HZ_tian,HZ_jia,HZ_guan,HZ_li,HZ_yuan,HZ_zhi,HZ_wen,HZ_end},    //ÃÌº”π‹¿Ì‘±÷∏Œ∆
                {ZF_2,ZF_xiaoshudian,HZ_tian,HZ_jia,HZ_yong,HZ_hu,HZ_zhi,HZ_wen,HZ_end},      //ÃÌº””√ªß÷∏Œ∆      
                //{HZ_kongge,HZ_xie,HZ_po,HZ_yong,HZ_hu,HZ_zhi,HZ_wen,HZ_kongge,HZ_end}       //–≤∆»”√ªß÷∏Œ∆π‹¿Ì
                {ZF_3,ZF_xiaoshudian,HZ_shan,HZ_chufa,HZ_suo,HZ_you,HZ_yong,HZ_hu,HZ_zhi,HZ_wen,HZ_end}         //…æ≥˝À˘”–÷∏Œ
             -∆
              };  
              //code uint8_t FpMenuStrEn[][12]= 
C51 COMPILER V9.60.0.0   FONT_MENU                                                         05/09/2023 17:03:20 PAGE 3   

              //{ 
              //  {"1.FP Admin."},          //π‹¿Ì‘±÷∏Œ∆π‹¿Ì
              //  {"2.FP User"},        //∆’Õ®”√ªß÷∏Œ∆π‹¿Ì      
              //  //{" FP Special"}         //–≤∆»”√ªß÷∏Œ∆π‹¿Ì  
              //  {"3.Del all FP"}        //…æ≥˝À˘”–÷∏Œ∆    
              //};
              
              
              code uint8_t CardUserMenuStr[][10]= 
              { 
                {ZF_1,ZF_xiaoshudian,HZ_tian,HZ_jia,HZ_ka,HZ_pian,HZ_yong,HZ_hu,HZ_end},        //ÃÌº”ø®∆¨”√ªß
                //{HZ_kongge,HZ_shan,HZ_chufa,HZ_dan,HZ_yier,HZ_yong,HZ_hu,HZ_kongge,HZ_end},         //…æ≥˝“—”–”√ªß           
                {ZF_2,ZF_xiaoshudian,HZ_shan,HZ_chufa,HZ_suo,HZ_you,HZ_ka,HZ_pian,HZ_end},          //…æ≥˝À˘”–ø®∆¨”√ªß           
              };  
              //code uint8_t CardUserMenuStrEn[][16]= 
              //{ 
              //  {"1.Add user"},         //ÃÌº”–¬”√ªß
              //  //{"Delete user  "},          //…æ≥˝“—”–”√ªß           
              //  {"2.Del all user"},         //…æ≥˝À˘”–”√ªß           
              //};  
              
              code uint8_t PassCodeMenuStr[][11]= 
              { 
                {ZF_1,ZF_xiaoshudian,HZ_tian,HZ_jia,HZ_guan,HZ_li,HZ_yuan,HZ_mi,HZ_ma,HZ_end},  //π‹¿Ì‘±√‹¬Î
                {ZF_2,ZF_xiaoshudian,HZ_tian,HZ_jia,HZ_yong,HZ_hu,HZ_mi,HZ_ma,HZ_end},        //∆’Õ®”√ªß√‹¬Î
                {ZF_3,ZF_xiaoshudian,HZ_shan,HZ_chufa,HZ_suo,HZ_you,HZ_yong,HZ_hu,HZ_mi,HZ_ma,HZ_end},    //…æ≥˝À˘”–”√ªß    
              };  
              //code uint8_t PassCodeMenuStrEn[][16]= 
              //{ 
              //  {"1.PW admin."},      //π‹¿Ì‘±√‹¬Î
              //  {"2.PW user  "},      //∆’Õ®”√ªß√‹¬Î  
              //  {"3.Del all user"},     //…æ≥˝À˘”–”√ªß    
              //};  
              
              code uint8_t EventLogMenuStr[][9]= 
              { 
                  {ZF_1,ZF_xiaoshudian,HZ_ji,HZ_lu,HZ_cha,HZ_xun,HZ_end},     //∞¥À≥–Ú≤È—Ø
                  //{ZF_2,ZF_xiaoshudian,HZ_anya,HZ_ri,HZ_qi,HZ_cha,HZ_xun,HZ_end},     //∞¥»’∆⁄≤È—Ø
                  {ZF_2,ZF_xiaoshudian,HZ_shan,HZ_chufa,HZ_ji,HZ_lu,HZ_end}       //…æ≥˝º«¬º
              };  
              //code uint8_t EventLogMenuStrEn[][16]= 
              //{ 
              //    {"1.Sequence check"},     //∞¥À≥–Ú≤È—Ø
              //    {"2.Check by date"},      //∞¥»’∆⁄≤È—Ø
              //    {"3.Delete all log"}        //…æ≥˝º«¬º
              //};    
              
              
              code uint8_t SytemConfigMenuStr[][9]= 
              { 
                  {ZF_1,ZF_xiaoshudian,HZ_shi,HZ_jian,HZ_she,HZ_zhiwei,HZ_end},     // ±º‰…Ë÷√
              //    {ZF_2,ZF_xiaoshudian,HZ_yuyan,HZ_yanyu,HZ_she,HZ_zhiwei,HZ_end},    //”Ô—‘…Ë∂®
                  {ZF_2,ZF_xiaoshudian,HZ_yuyan,HZ_yin,HZ_she,HZ_zhiwei,HZ_end},    //”Ô“Ù…Ë÷√
                  //{HZ_kongge,HZ_nei,HZ_cun,HZ_guan,HZ_li,HZ_kongge,HZ_kongge,HZ_kongge,HZ_end},     //ƒ⁄¥Êπ‹¿Ì
                  {ZF_3,ZF_xiaoshudian,HZ_changchang,HZ_kai,HZ_mo,HZ_si,HZ_she,HZ_zhiwei,HZ_end}, //≥£ø™…Ë÷√
                  {ZF_4,ZF_xiaoshudian,HZ_kai,HZ_suomen,HZ_mo,HZ_si,HZ_she,HZ_zhiwei,HZ_end},     //ø™À¯ƒ£ Ω
                  {ZF_5,ZF_xiaoshudian,HZ_fangzi,HZ_qiao,HZ_bao,HZ_jing,HZ_she,HZ_zhiwei,HZ_end},     //∑¿«À±®æØ…Ë÷√
                  //{HZ_kongge,HZ_xi,HZ_tong,HZ_ban,HZ_ben,HZ_kongge,HZ_kongge,HZ_kongge,HZ_end},     //œµÕ≥∞Ê±æ
                  {ZF_6,ZF_xiaoshudian,HZ_hui,HZ_fu,HZ_chu,HZ_chang,HZ_she,HZ_zhiwei,HZ_end}        //ª÷∏¥≥ˆ≥ß…Ë÷√
              };  
              //code uint8_t SytemConfigMenuStrEn[][17]= 
              //{ 
C51 COMPILER V9.60.0.0   FONT_MENU                                                         05/09/2023 17:03:20 PAGE 4   

              //    //{"Time setting   "},      // ±º‰…Ë∂®
              //    {"1.Language"},     //”Ô—‘
              //    {"2.Volume"},     //“Ù¡øµ˜Ω⁄
              //    //{"Memory Check   "},      //ƒ⁄¥Êπ‹¿Ì
              //    {"3.Often open"},     //≥£ø™…Ë÷√
              //    {"4.Unlock mode"},      //ø™À¯ƒ£ Ω
              //    {"5.Anti prying"},      //∑¿«À±®æØø™πÿ
              //    //{"System version "},      //œµÕ≥∞Ê±æ
              //    {"6.Factory default"}       //ª÷∏¥≥ˆ≥ß…Ë÷√
              //};  
              #endif


MODULE INFORMATION:   STATIC OVERLAYABLE
   CODE SIZE        =   ----    ----
   CONSTANT SIZE    =   ----    ----
   XDATA SIZE       =   ----    ----
   PDATA SIZE       =   ----    ----
   DATA SIZE        =   ----    ----
   IDATA SIZE       =   ----    ----
   BIT SIZE         =   ----    ----
   EDATA SIZE       =   ----    ----
   HDATA SIZE       =   ----    ----
   XDATA CONST SIZE =   ----    ----
   FAR CONST SIZE   =   ----    ----
END OF MODULE INFORMATION.


C51 COMPILATION COMPLETE.  0 WARNING(S),  0 ERROR(S)
