C51 COMPILER V9.60.0.0   LOWPOWER                                                          05/09/2023 17:03:20 PAGE 1   


C51 COMPILER V9.60.0.0, COMPILATION OF MODULE LOWPOWER
OBJECT MODULE PLACED IN .\Objects\LowPower.obj
COMPILER INVOKED BY: C:\Keil_v5\C51\BIN\C51.EXE Softwares\Application\LowPower.c LARGE OMF2 OPTIMIZE(9,SPEED) BROWSE INC
                    -DIR(.\Drivers\Lib\c;.\Drivers\Lib\H;.\Drivers\Lib\IAP_Lib;.\Drivers\Lib\TouchKey_lib;.\Drivers\Physical;.\Drivers\Protoc
                    -ol;.\Softwares\Application;.\Softwares\Basic;.\Softwares\ModuleLogic;.\Drivers\Protocol\YC_NFC;.\Drivers\Protocol\WIFI_T
                    -uya) DEBUG PRINT(.\Listings\LowPower.lst) TABS(2) OBJECT(.\Objects\LowPower.obj)

line level    source

   1          #include "LowPower.h"
   2          #include "SensorMethod.h"
   3          #include "Project.h"
   4          #include "IO.h"
   5          #include "global_variable.h"
   6          #include "Basic_Function.h"
   7          #include "HallSlide.h"
   8          /*以下为休眠唤醒函数所需头文件*/
   9          #include "spi.h"
  10          #include "adc.h"
  11          #include "KeyScan.h"
  12          #include "GUI.h"
  13          #include "i2c.h"
  14          #include "Fingerprint.h"
  15          #include "MFC_WS1850.h"
  16          #include "yc_nfc_contactless_l1.h"
  17          #include "BeepMgr.h"
  18          #include "tim.h"
  19          #include "usart.h"
  20          #include "RTC_PCF8563.h"
  21          #include "LCD.h"
  22          #include "Battery.h"
  23          
  24          #include "TuyaWIFI.h"
  25          
  26          extern bool_t IfSystemIsInFactoryDefaultStatus(void);
  27          
  28          extern uint8_t LEDsCtrlSwitch;
  29          extern bit Touch_WakeUpFlag;
  30          #ifdef Function_HallSlide
              extern  bit SleepingHallState;  //休眠时读到霍尔io口的电位值
              extern bit HallSleepFlag;       //霍尔休眠标志
              #endif
  34          
  35          #ifdef Function_USE_Internal_RTC
              unsigned  char  SecondCount = 0;
              #endif
  38          
  39          uint8_t LastWakeUpKeyValue;
  40          int8_t KeyWakeUpKeyWaitTime = 0;
  41          bit     KeyJustWakeUp = 0;
  42          
  43          /**************************************************
  44          *函数名称：void IntoLowPowerMode_Init(void)
  45          *函数功能：进入低功耗模式前的的初始化
  46          *入口参数：void
  47          *出口参数：void  
  48          *备注说明：在进入低功耗前，对部分数据进行处理 
  49          **************************************************/
  50          void IntoLowPowerMode_Init(void)
  51          {
  52   1          /*进入低功耗前设置*/
C51 COMPILER V9.60.0.0   LOWPOWER                                                          05/09/2023 17:03:20 PAGE 2   

  53   1        KeyWakeUpKeyWaitTime = 8;//8*125ms = 1s
  54   1        #ifdef Function_HallSlide
                SleepingHallState = PINMACRO_HALLSENSOR_STATUS;
                HallSleepFlag = 0;
                #endif
  58   1      }
  59          
  60          /**************************************************
  61          *函数名称：void MX_QuitLowPowerMode(void)
  62          *函数功能d退出低功耗模式
  63          *入口参数：void
  64          *出口参数：void  
  65          **************************************************/
  66          void MX_QuitLowPowerMode(void)
  67          {
  68   1        TouchKey_QuitLowPowerMode();       
  69   1        Touch_WakeUpFlag = 1;
  70   1        INT1flag=0x00;
  71   1      }
  72          
  73          /**************************************************
  74          *函数名称：void AntiMisAwakeup(uint8_t KeyValue)
  75          *函数功能d防止偶然干扰造成自动唤醒
  76          *入口参数：uint8_t KeyValue
  77          *出口参数：void  
  78          **************************************************/
  79          void AntiMisAwakeup(uint8_t KeyValue)
  80          {
  81   1        if( KeyWakeUpKeyWaitTime <= 0 )
  82   1        {
  83   2          if(LastWakeUpKeyValue==KeyValue)
  84   2          {
  85   3            #ifdef Function_HallSlide
                      if( PINMACRO_HALLSENSOR_STATUS == 0 )
                      {
                        AwakeSystemKeyMgr.IsDoorBellKeyAwake = bFALSE;
                        AwakeSystemKeyMgr.IsPoundsignKeyAwake = bFALSE;
                        MX_QuitLowPowerMode();
                        KeyJustWakeUp = 1;
                      }
                      LastWakeUpKeyValue = 0xff;
                    #else
  95   3              AwakeSystemKeyMgr.IsDoorBellKeyAwake = bFALSE;
  96   3              AwakeSystemKeyMgr.IsPoundsignKeyAwake = bFALSE;
  97   3              MX_QuitLowPowerMode();
  98   3              #if defined ProjectIs_BarLock_S4914
  99   3                if( KeyValue == 0x00 )
 100   3                {
 101   4                  AwakeSystemKeyMgr.IsDoorBellKeyAwake = bTRUE;
 102   4                }
 103   3      //          else if( KeyValue == 0x0C )
 104   3      //          {
 105   3      //            AwakeSystemKeyMgr.IsPoundsignKeyAwake = bTRUE;
 106   3      //          }
 107   3              #endif
 108   3              KeyJustWakeUp = 1;
 109   3              LastWakeUpKeyValue = 0xff;
 110   3            #endif
 111   3          }
 112   2          else{
 113   3            LastWakeUpKeyValue = KeyValue;
 114   3          }
C51 COMPILER V9.60.0.0   LOWPOWER                                                          05/09/2023 17:03:20 PAGE 3   

 115   2        }
 116   1        else{
 117   2          LastWakeUpKeyValue = 0xff;
 118   2        }
 119   1      }
 120          
 121          /**************************************************
 122          *函数名称：void LowPowerAwakeupDispose(void)
 123          *函数功能d低功耗唤醒检测（不带触摸按键检测）
 124          *入口参数：void
 125          *出口参数：void  
 126          **************************************************/
 127          void LowPowerAwakeupDispose(void)
 128          {
 129   1        if( PickAlarmEnableMgr.Enable == bTRUE )
 130   1        {
 131   2          if(( PINMACRO_PICKLOCK_STATUS == 1 )&&( AntiPryingMgr.AntiPryingSignalRelease == bTRUE ))
 132   2          {
 133   3            MX_QuitLowPowerMode();
 134   3          }
 135   2        }
 136   1        if(( PINMACRO_FPM_TOUCH_STATUS == 1 )||( PINMACRO_ONBOARD_BUTTON_STATUS == 0 ))
 137   1        {
 138   2          MX_QuitLowPowerMode();
 139   2        }
 140   1        #ifdef Function_HallSlide
                HallAwakeupDispose();
                #endif
 143   1        if( INT1flag != 0 )
 144   1        {
 145   2          MX_QuitLowPowerMode();
 146   2        }
 147   1      }
 148          
 149          /**************************************************
 150          *函数名称：void System_PowerDown(void)
 151          *函数功能d系统休眠开始
 152          *入口参数：void
 153          *出口参数：void  
 154          **************************************************/
 155          void System_PowerDown(void)
 156          {
 157   1        uint16_t i;
 158   1        //uint8_t j=0,k=0;
 159   1        //uint32_t Awake_key=0;
 160   1        
 161   1        static uint16_t FPtimeout_times,FP_SleepFailedTimes;
 162   1        
 163   1        CLRWDT();
 164   1        DEBUG_MARK;
 165   1        
 166   1        #ifdef Function_ScreenDisplay
                Clear_Screen();
                #endif
 169   1        
 170   1        #ifndef DEBUG_MODE
 171   1        SET_LOGLED_OFF;
 172   1        #endif
 173   1        
 174   1        ADC_DeInit();
 175   1        
 176   1        MX_TIM_DeInit();
C51 COMPILER V9.60.0.0   LOWPOWER                                                          05/09/2023 17:03:20 PAGE 4   

 177   1      
 178   1        SPI0_DeInit();
 179   1      
 180   1        MFC_POWERDOWN();
 181   1      
 182   1        VoicePlayerPowerDown();
 183   1      
 184   1        CLRWDT();
 185   1      
 186   1        FPtimeout_times=0;
 187   1        FP_SleepFailedTimes=0;
 188   1        while(1)
 189   1        {
 190   2          FpmAckMgr.Status = WaitACK;
 191   2          FPM_SendSleepCmd();
 192   2          for (i=0;i<25;i++)
 193   2          {
 194   3            CLRWDT();
 195   3            Hardware_DelayMs(20);
 196   3            FPM_Mgr_Task();
 197   3            if ( FpmAckMgr.Status == GotACK )
 198   3            {
 199   4              if (  ( FpmAckMgr.ErrorCode == Error_NONE)
 200   4                &&(PINMACRO_FPM_TOUCH_STATUS == 0 )
 201   4                )
 202   4              {
 203   5                FPMpowerMgr.Status = FPMpowerDown;  
 204   5                DEBUG_MARK;
 205   5                break;
 206   5              }
 207   4              else
 208   4              {
 209   5                FP_SleepFailedTimes++;
 210   5                DEBUG_MARK;
 211   5                
 212   5                if (FP_SleepFailedTimes>350)    //FP not released more than 10s
 213   5                {
 214   6                  FPMpowerMgr.Status = FPMpowerDown;  
 215   6                }
 216   5                break;
 217   5              }
 218   4              
 219   4            }
 220   3            else
 221   3            {
 222   4              if (i>23)   //time out,FP failed
 223   4              {
 224   5                FPtimeout_times++;
 225   5                if (FPtimeout_times>2)
 226   5                {
 227   6                  FPMpowerMgr.Status = FPMpowerDown;  
 228   6                  break;
 229   6                }
 230   5              }
 231   4            }
 232   3          }
 233   2          CLRWDT();
 234   2          if ( FPMpowerMgr.Status == FPMpowerDown)
 235   2          {
 236   3            DEBUG_MARK;
 237   3            MX_UART2_DeInit();
 238   3            SET_FPMPOWER_OFF; 
C51 COMPILER V9.60.0.0   LOWPOWER                                                          05/09/2023 17:03:20 PAGE 5   

 239   3            Hardware_DelayMs(3);//Wait for Power line lost power
 240   3            break;
 241   3          }
 242   2        }
 243   1        #if (defined ProjectIs_BarLock_S7702) || (defined ProjectIs_BarLock_S4914)
 244   1          LEDsCtrlSwitch = 0;
 245   1        #endif
 246   1          //wait for user release touch button
 247   1        if ( SystemPowerMgr.SleepSource == UserForced )
 248   1        {
 249   2          for (i=0;i<10;i++)
 250   2          {
 251   3            CLRWDT();
 252   3            Hardware_DelayMs(1);
 253   3          }
 254   2        }
 255   1        #ifdef Function_TuyaWifi
                if( WifiMgr.PostMgr.RemoteUnlockCountdown > 0 )
                {
                  WifiRemoteUnlockStop();
                }
                while( WifiMgr.PowerState == WIFIPowerOpened )
                {
                  Wifi_Mgr_Task();
                  Hardware_DelayMs(16);
                  CLRWDT();
                }
                //MX_UART1_DeInit();
                #endif
 268   1      
 269   1        MX_GPIO_DeInit();
 270   1        
 271   1        Enable_EX_Interrupt();
 272   1        
 273   1        IntoLowPowerMode_Init();
 274   1      
 275   1        TouchKey_IntoLowPowerMode();
 276   1        i=0;
 277   1        while(i!=1)
 278   1        {
 279   2          if(GetLowPowerScanFlag() == 0)  //正常运行模式 
 280   2          {
 281   3            i=1;
 282   3          }
 283   2          else            //低功耗运行模式
 284   2          {
 285   3            LowPower_Touchkey_Scan();
 286   3          } 
 287   2        }
 288   1      }
 289          
 290          /**************************************************
 291          *函数名称：void System_Awake(void)
 292          *函数功能d系统唤醒开始
 293          *入口参数：void
 294          *出口参数：void  
 295          **************************************************/
 296          void System_Awake(void)
 297          {
 298   1        uint8_t i;
 299   1        
 300   1        CLRWDT();
C51 COMPILER V9.60.0.0   LOWPOWER                                                          05/09/2023 17:03:20 PAGE 6   

 301   1      
 302   1        Hardware_DelayMs(1);    //wait for system clock stable//
 303   1        
 304   1        MX_GPIO_Init();
 305   1        
 306   1        SET_MFC_RST_H;
 307   1        
 308   1        MX_ADC1_Init();
 309   1        
 310   1        MX_TIM_Init();
 311   1        
 312   1        MX_SPI0_Init();
 313   1        
 314   1        MX_I2C_Init();
 315   1        
 316   1        #ifndef DEBUG_MODE
 317   1        SET_LOGLED_ON;
 318   1        #endif
 319   1        
 320   1        #if (defined ProjectIs_BarLock_S7702) || (defined ProjectIs_BarLock_S4914)
 321   1        SET_LEDKEYs_OFF;
 322   1        #endif
 323   1        
 324   1      //  #ifdef Function_TuyaWifi
 325   1      //  MX_UART1_Init();
 326   1      //  //Wifi_Init();
 327   1      //  Wifi_Rst();
 328   1      //  #endif
 329   1        
 330   1        MX_UART2_Init();
 331   1        
 332   1        SYSPOWER_ON;        
 333   1        FPMpowerMgr.Status = FPMpowerOn;
 334   1        Hardware_DelayMs(5);    //wait for OLED Driver power on reset
 335   1        
 336   1        MFC_Init();
 337   1        Hardware_DelayMs(5);  
 338   1        
 339   1        TouchKeyRestart();
 340   1        Key_Init();
 341   1        
 342   1        GUI_Init(); 
 343   1      
 344   1        SET_VOLUME(VoiceMgr.volume);
 345   1      
 346   1        Hardware_DelayMs(1);
 347   1        
 348   1        for (i=0;i<100;i++)
 349   1        {
 350   2          if( i%10 == 0 )CLRWDT();
 351   2          Hardware_Task_Analog();
 352   2          HardwareBatteryMgr_Task();
 353   2        }
 354   1        
 355   1        if (( BatteryMgr.BatteryLevel == LEVEL_1 )||( BatteryMgr.BatteryLevel == LEVEL_0 ))
 356   1        {
 357   2          PLAY_VOICE_ONESEGMENT(VOICE_PleaseReplaceTheBattery);
 358   2          BatteryMgr.TimeCnt = Def_MessageBoxTimeDelay;
 359   2          CurrentScreen = SCREEN_LowBattery;    
 360   2        }
 361   1        #ifdef INSIDEBUTTONINTOMAINMENU
                else if (SystemPowerMgr.AwakeSource == SystemResetKey)    
C51 COMPILER V9.60.0.0   LOWPOWER                                                          05/09/2023 17:03:20 PAGE 7   

                {
                  if ( PINMACRO_ONBOARD_BUTTON_STATUS != 0 )
                  {
                    //TouchKeyStatus.KEY_INSIDEBUTTON_Pressed = bTRUE;
                    //SystemPowerMgr.AwakeSource = DoNotCare; 
                    CurrentScreen = SCREEN_ManagerIdentify;
                    ManagerIdentifyMgr.Status = StartManagerIdentify;
                  }
              
                } 
                #endif
 374   1        else
 375   1        {
 376   2          CurrentScreen = SCREEN_Main;
 377   2          PasscodeUserIdentifyMgr.Status = PasscodeIdentifyIdle;
 378   2          FpIdentifyMgr.Status = FPMcmdStart;
 379   2          CardIdentifyMgr.Status = ReadingCardID;
 380   2          if ( IfSystemIsInFactoryDefaultStatus()==bTRUE )
 381   2          {
 382   3            PLAY_VOICE_ONESEGMENT(VOICE_PleaseAddMasterFirst);
 383   3          }
 384   2          else
 385   2          {
 386   3            if (  (SystemPowerMgr.AwakeSource == CasingOpen)
 387   3              ||(SystemPowerMgr.AwakeSource == KeyBoardTouch)
 388   3              )
 389   3            {
 390   4              PLAY_VOICE_ONESEGMENT_FIXED(VOICE_POWERON); 
 391   4            }
 392   3          }
 393   2        }
 394   1        
 395   1        SystemPowerMgr.SleepSource = SleepTimer;
 396   1      
 397   1      #ifdef Function_FPMbreathingLed
 398   1        for(i=0;i<25;i++)
 399   1        {
 400   2          CLRWDT();
 401   2          FpmAckMgr.Status = WaitACK;
 402   2          FPM_SetBreathingLED(1,1,1,255);   //Blue LED breathing
 403   2          Hardware_DelayMs(20);
 404   2          FPM_Mgr_Task();
 405   2          if ( FpmAckMgr.Status == GotACK )
 406   2          {
 407   3            break;
 408   3          }
 409   2        }
 410   1      #endif
 411   1        
 412   1      }
 413          
 414          /**************************************************
 415          *函数名称：void LowPowerTimer_ISR(void)
 416          *函数功能d低功耗模式下定时器中断服务函数（125ms调用一次）
 417          *入口参数：void
 418          *出口参数：void  
 419          **************************************************/
 420          void LowPowerTimer_ISR(void) 
 421          {
 422   1        #ifdef Function_USE_Internal_RTC
                SecondCount += 1;
                if( SecondCount >= 8 )
C51 COMPILER V9.60.0.0   LOWPOWER                                                          05/09/2023 17:03:20 PAGE 8   

                {
                  SecondCount = 0;
                  G_SystemUTCTime += 1;
                }
                #endif
 430   1        if ( KeyWakeUpKeyWaitTime > 0 )
 431   1        {
 432   2          KeyWakeUpKeyWaitTime--;
 433   2        }
 434   1      }
 435          
 436          
 437          


MODULE INFORMATION:   STATIC OVERLAYABLE
   CODE SIZE        =    782    ----
   CONSTANT SIZE    =   ----    ----
   XDATA SIZE       =      6       4
   PDATA SIZE       =   ----    ----
   DATA SIZE        =   ----    ----
   IDATA SIZE       =   ----    ----
   BIT SIZE         =      1    ----
   EDATA SIZE       =   ----    ----
   HDATA SIZE       =   ----    ----
   XDATA CONST SIZE =   ----    ----
   FAR CONST SIZE   =   ----    ----
END OF MODULE INFORMATION.


C51 COMPILATION COMPLETE.  0 WARNING(S),  0 ERROR(S)
