C51 COMPILER V9.60.0.0   BASIC_FUNCTION                                                    04/21/2023 14:57:01 PAGE 1   


C51 COMPILER V9.60.0.0, COMPILATION OF MODULE BASIC_FUNCTION
OBJECT MODULE PLACED IN .\Objects\Basic_Function.obj
COMPILER INVOKED BY: C:\Keil_v5\C51\BIN\C51.EXE Drivers\Physical\Basic_Function.c LARGE OMF2 OPTIMIZE(9,SPEED) BROWSE IN
                    -CDIR(.\Drivers\Lib\c;.\Drivers\Lib\H;.\Drivers\Lib\IAP_Lib;.\Drivers\Lib\TouchKey_lib;.\Drivers\Physical;.\Drivers\Proto
                    -col;.\Softwares\Application;.\Softwares\Basic;.\Softwares\ModuleLogic;.\Drivers\Protocol\YC_NFC;.\Drivers\Protocol\WIFI_
                    -Tuya) DEBUG PRINT(.\Listings\Basic_Function.lst) TABS(2) OBJECT(.\Objects\Basic_Function.obj)

line level    source

   1          #include "Basic_Function.h"
   2          #include "intrins.H"
   3          
   4          //不同MCU延时精度有差距，需要重调延时函数
   5          void Soft_Delay1us(void)
   6          {
   7   1        _nop_();_nop_();_nop_();_nop_();_nop_();
   8   1        _nop_();_nop_();_nop_();_nop_();_nop_();
   9   1        _nop_();_nop_();_nop_();_nop_();_nop_();
  10   1        _nop_();_nop_();_nop_();_nop_();_nop_();
  11   1        _nop_();_nop_();_nop_();_nop_();_nop_();
  12   1      }
  13          
  14          void Soft_Delay2us(void)
  15          {
  16   1        Soft_Delay1us();
  17   1        Soft_Delay1us();
  18   1      }
  19          void Soft_Delay3us(void)
  20          {
  21   1        Soft_Delay1us();
  22   1        Soft_Delay1us();
  23   1        Soft_Delay1us();
  24   1      }
  25          void Soft_Delay4us(void)
  26          {
  27   1        Soft_Delay1us();
  28   1        Soft_Delay1us();
  29   1        Soft_Delay1us();
  30   1        Soft_Delay1us();
  31   1      }
  32          void Soft_Delay5us(void)
  33          {
  34   1        Soft_Delay1us();
  35   1        Soft_Delay1us();
  36   1        Soft_Delay1us();
  37   1        Soft_Delay1us();
  38   1        Soft_Delay1us();
  39   1      }
  40          
  41          void Soft_Delay_us(unsigned long time)
  42          {
  43   1         while(time--);
  44   1      }
  45          
  46          void Soft_Delay_usS(unsigned int time)
  47          {
  48   1        while(time--)
  49   1        {
  50   2          Soft_Delay_us(3);
  51   2        }
  52   1      }
C51 COMPILER V9.60.0.0   BASIC_FUNCTION                                                    04/21/2023 14:57:01 PAGE 2   

  53          
  54          void Soft_Delay1ms(unsigned int time)
  55          {
  56   1        while(time--)
  57   1        {
  58   2          Soft_Delay_us(585);
  59   2        }
  60   1      }
  61          
  62          void  Hardware_DelayMs(uint16_t time)
  63          {
  64   1        Soft_Delay1ms(time);
  65   1      }
  66          
  67          void Hardware_DelayX1us(uint16_t time)
  68          {
  69   1        while(time--);
  70   1      }
  71          
  72          void  Hardware_DelayX5us(uint16_t time)
  73          {
  74   1        while(time--)
  75   1        {
  76   2        Soft_Delay_us(2);
  77   2        }
  78   1      }


MODULE INFORMATION:   STATIC OVERLAYABLE
   CODE SIZE        =    181    ----
   CONSTANT SIZE    =   ----    ----
   XDATA SIZE       =   ----       4
   PDATA SIZE       =   ----    ----
   DATA SIZE        =   ----    ----
   IDATA SIZE       =   ----    ----
   BIT SIZE         =   ----    ----
   EDATA SIZE       =   ----    ----
   HDATA SIZE       =   ----    ----
   XDATA CONST SIZE =   ----    ----
   FAR CONST SIZE   =   ----    ----
END OF MODULE INFORMATION.


C51 COMPILATION COMPLETE.  0 WARNING(S),  0 ERROR(S)
