C51 COMPILER V9.60.0.0   VOICE_MENU                                                        04/21/2023 14:57:04 PAGE 1   


C51 COMPILER V9.60.0.0, COMPILATION OF MODULE VOICE_MENU
OBJECT MODULE PLACED IN .\Objects\Voice_Menu.obj
COMPILER INVOKED BY: C:\Keil_v5\C51\BIN\C51.EXE Softwares\Basic\Voice_Menu.c LARGE OMF2 OPTIMIZE(9,SPEED) BROWSE INCDIR(
                    -.\Drivers\Lib\c;.\Drivers\Lib\H;.\Drivers\Lib\IAP_Lib;.\Drivers\Lib\TouchKey_lib;.\Drivers\Physical;.\Drivers\Protocol;.
                    -\Softwares\Application;.\Softwares\Basic;.\Softwares\ModuleLogic;.\Drivers\Protocol\YC_NFC;.\Drivers\Protocol\WIFI_Tuya)
                    - DEBUG PRINT(.\Listings\Voice_Menu.lst) TABS(2) OBJECT(.\Objects\Voice_Menu.obj)

line level    source

   1          #include "Voice_Menu.h"
   2          #include "BeepMgr.h"
   3          #include "Project.h"
   4          
   5          
   6          code uint8_t MainMenuVoiceBuff[][6]=
   7          { 
   8            {VOICE_Press,VOICE_One,VOICE_Fingerprint,VOICE_User,VOICE_Management,DEF_VoiceSegmentEndFlag},
   9            {VOICE_Press,VOICE_Two,VOICE_Password,VOICE_User,VOICE_Management,DEF_VoiceSegmentEndFlag},
  10            {VOICE_Press,VOICE_Three,VOICE_Card,VOICE_User,VOICE_Management,DEF_VoiceSegmentEndFlag},
  11            {VOICE_Press,VOICE_Four,VOICE_SystemSetting,DEF_VoiceSegmentEndFlag},
  12            #ifdef Function_TuyaWifi
                {VOICE_Press,VOICE_Five,VOICE_NetWorking,DEF_VoiceSegmentEndFlag},
                #endif
  15            //{VOICE_Press,VOICE_Five,VOICE_Log,VOICE_Query,DEF_VoiceSegmentEndFlag},
  16            {VOICE_PressAsteriskKey,VOICE_ExitMenu,DEF_VoiceSegmentEndFlag}
  17          };
  18          
  19            
  20          code uint8_t FpMenuVoiceBuff[][7] = {
  21            {VOICE_Press,VOICE_One,VOICE_Add,VOICE_Administrator,VOICE_Fingerprint,DEF_VoiceSegmentEndFlag},
  22            {VOICE_Press,VOICE_Two,VOICE_Add,VOICE_User,VOICE_Fingerprint,DEF_VoiceSegmentEndFlag},
  23            {VOICE_Press,VOICE_Three,VOICE_Delete,VOICE_All,VOICE_User,VOICE_Fingerprint,DEF_VoiceSegmentEndFlag},
  24            {VOICE_PressAsteriskKey,VOICE_ReturnPreviousMenu,DEF_VoiceSegmentEndFlag}
  25          };
  26          code uint8_t PasscodeMenuVoiceBuff[][7]={ 
  27            {VOICE_Press,VOICE_One,VOICE_Add,VOICE_Administrator,VOICE_Password,DEF_VoiceSegmentEndFlag},
  28            {VOICE_Press,VOICE_Two,VOICE_Add,VOICE_User,VOICE_Password,DEF_VoiceSegmentEndFlag},
  29            {VOICE_Press,VOICE_Three,VOICE_Delete,VOICE_All,VOICE_User,VOICE_Password,DEF_VoiceSegmentEndFlag},
  30            {VOICE_PressAsteriskKey,VOICE_ReturnPreviousMenu,DEF_VoiceSegmentEndFlag}
  31          };
  32          
  33          code uint8_t CardUserMenuVoiceBuff[][7]={ 
  34            {VOICE_Press,VOICE_One,VOICE_Add,VOICE_Card,VOICE_User,DEF_VoiceSegmentEndFlag},
  35            {VOICE_Press,VOICE_Two,VOICE_Delete,VOICE_All,VOICE_Card,VOICE_User,DEF_VoiceSegmentEndFlag},
  36            {VOICE_PressAsteriskKey,VOICE_ReturnPreviousMenu,DEF_VoiceSegmentEndFlag}
  37          };
  38          
  39          code uint8_t LogMenuVoiceBuff[][7]={  
  40            {VOICE_Press,VOICE_One,VOICE_Log,VOICE_Query,DEF_VoiceSegmentEndFlag},
  41            {VOICE_Press,VOICE_Two,VOICE_Delete,VOICE_Log,DEF_VoiceSegmentEndFlag},
  42            {VOICE_PressAsteriskKey,VOICE_ReturnPreviousMenu,DEF_VoiceSegmentEndFlag}
  43          };
  44          
  45          code uint8_t SystemConfigMenuVoiceBuff[][5]={ 
  46          //  {VOICE_Press,VOICE_One,VOICE_Time,VOICE_Setting,DEF_VoiceSegmentEndFlag},
  47            #ifdef Function_VoiceEnabledEnglish
                {VOICE_Press,VOICE_One,VOICE_Language,VOICE_Setting,DEF_VoiceSegmentEndFlag},
                {VOICE_Press,VOICE_Two,VOICE_Voice,VOICE_Setting,DEF_VoiceSegmentEndFlag},
                {VOICE_Press,VOICE_Three,VOICE_NormallyOpen,VOICE_Setting,DEF_VoiceSegmentEndFlag},
                {VOICE_Press,VOICE_Four,VOICE_UnlockingMode,VOICE_Setting,DEF_VoiceSegmentEndFlag},
                {VOICE_Press,VOICE_Five,VOICE_AntiSkidAlarm,VOICE_Setting,DEF_VoiceSegmentEndFlag},
C51 COMPILER V9.60.0.0   VOICE_MENU                                                        04/21/2023 14:57:04 PAGE 2   

                {VOICE_Press,VOICE_Six,VOICE_RestoreFactoryDefault,VOICE_Setting,DEF_VoiceSegmentEndFlag},
                {VOICE_PressAsteriskKey,VOICE_ReturnPreviousMenu,DEF_VoiceSegmentEndFlag}
                #else
  56            {VOICE_Press,VOICE_One,VOICE_Voice,VOICE_Setting,DEF_VoiceSegmentEndFlag},
  57            {VOICE_Press,VOICE_Two,VOICE_NormallyOpen,VOICE_Setting,DEF_VoiceSegmentEndFlag},
  58            {VOICE_Press,VOICE_Three,VOICE_UnlockingMode,VOICE_Setting,DEF_VoiceSegmentEndFlag},
  59            {VOICE_Press,VOICE_Four,VOICE_AntiSkidAlarm,VOICE_Setting,DEF_VoiceSegmentEndFlag},
  60            {VOICE_Press,VOICE_Five,VOICE_RestoreFactoryDefault,VOICE_Setting,DEF_VoiceSegmentEndFlag},
  61            {VOICE_PressAsteriskKey,VOICE_ReturnPreviousMenu,DEF_VoiceSegmentEndFlag}
  62            #endif
  63          };
  64          
  65          code uint8_t VolumeSetLanguageBuff[][4]={ 
  66            {VOICE_Press,VOICE_One,VOICE_Chinese,DEF_VoiceSegmentEndFlag},
  67            {VOICE_Press+1,VOICE_Two+1,VOICE_English,DEF_VoiceSegmentEndFlag},
  68            {VOICE_PressAsteriskKey,VOICE_ReturnPreviousMenu,DEF_VoiceSegmentEndFlag}
  69          };
  70          
  71          
  72          code uint8_t VolumeSetVoiceBuff[][5]={  
  73            {VOICE_Press,VOICE_One,VOICE_Voice,VOICE_Open,DEF_VoiceSegmentEndFlag},
  74            {VOICE_Press,VOICE_Two,VOICE_Voice,VOICE_Close,DEF_VoiceSegmentEndFlag},
  75            {VOICE_PressAsteriskKey,VOICE_ReturnPreviousMenu,DEF_VoiceSegmentEndFlag}
  76          };
  77          code uint8_t VoiceStr_VoiceOpened[] = {VOICE_Voice,VOICE_Opened,DEF_VoiceSegmentEndFlag};
  78          code uint8_t VoiceStr_VoiceClosed[] = {VOICE_Voice,VOICE_Closed,DEF_VoiceSegmentEndFlag};
  79          
  80          code uint8_t ContinuedOpenModeSetVoiceBuff[][6]={ 
  81            {VOICE_Press,VOICE_One,VOICE_NormallyOpen,VOICE_Open,DEF_VoiceSegmentEndFlag},
  82            {VOICE_Press,VOICE_Two,VOICE_NormallyOpen,VOICE_Close,DEF_VoiceSegmentEndFlag},
  83            {VOICE_PressAsteriskKey,VOICE_ReturnPreviousMenu,DEF_VoiceSegmentEndFlag}
  84          };
  85          code uint8_t VoiceStr_NormallyOpenModeOpened[] = {VOICE_NormallyOpen,VOICE_Opened,DEF_VoiceSegmentEndFlag}
             -;
  86          code uint8_t VoiceStr_NormallyOpenModeClosed[] = {VOICE_NormallyOpen,VOICE_Closed,DEF_VoiceSegmentEndFlag}
             -;
  87          
  88          
  89          code uint8_t UnlockModeSetVoiceBuff[][4]={  
  90            {VOICE_Press,VOICE_One,VOICE_SingleUnlock,DEF_VoiceSegmentEndFlag},
  91            {VOICE_Press,VOICE_Two,VOICE_CombinationUnlock,DEF_VoiceSegmentEndFlag},
  92            {VOICE_PressAsteriskKey,VOICE_ReturnPreviousMenu,DEF_VoiceSegmentEndFlag}
  93          };
  94          code uint8_t VoiceStr_SingleUnlockModeOpened[] = {VOICE_SingleUnlock,VOICE_Opened,DEF_VoiceSegmentEndFlag}
             -;
  95          code uint8_t VoiceStr_CombinationUnlockModeOpened[] = {VOICE_CombinationUnlock,VOICE_Opened,DEF_VoiceSegme
             -ntEndFlag};
  96          
  97          
  98          code uint8_t PickAlarmSetVoiceBuff[][5]={ 
  99            {VOICE_Press,VOICE_One,VOICE_AntiSkidAlarm,VOICE_Open,DEF_VoiceSegmentEndFlag},
 100            {VOICE_Press,VOICE_Two,VOICE_AntiSkidAlarm,VOICE_Close,DEF_VoiceSegmentEndFlag},
 101            {VOICE_PressAsteriskKey,VOICE_ReturnPreviousMenu,DEF_VoiceSegmentEndFlag}
 102          };
 103          code uint8_t VoiceStr_PickAlarmOpened[] = {VOICE_AntiSkidAlarm,VOICE_Opened,DEF_VoiceSegmentEndFlag};
 104          code uint8_t VoiceStr_PickAlarmClosed[] = {VOICE_AntiSkidAlarm,VOICE_Closed,DEF_VoiceSegmentEndFlag};
 105            
 106          code uint8_t RestoreFactoryDefaultVoiceBuff[][4]={  
 107            {VOICE_PressPoundKey,VOICE_Confirm,VOICE_RestoreFactoryDefault,DEF_VoiceSegmentEndFlag},
 108            {VOICE_PressAsteriskKey,VOICE_ReturnPreviousMenu,DEF_VoiceSegmentEndFlag}
 109          };
 110            
C51 COMPILER V9.60.0.0   VOICE_MENU                                                        04/21/2023 14:57:04 PAGE 3   

 111          
 112          code uint8_t ConfirmDeleteVoiceBuff[]={VOICE_PressPoundKey,VOICE_ConfirmToDelete,VOICE_PressAsteriskKey,VO
             -ICE_ReturnPreviousMenu,DEF_VoiceSegmentEndFlag};
 113          
 114          code uint8_t SystemVersionVoiceBuff[][8]={
 115            SystemHardwareVersion,
 116            SystemFirmwareVersion
 117          };


MODULE INFORMATION:   STATIC OVERLAYABLE
   CODE SIZE        =   ----    ----
   CONSTANT SIZE    =    283    ----
   XDATA SIZE       =   ----    ----
   PDATA SIZE       =   ----    ----
   DATA SIZE        =   ----    ----
   IDATA SIZE       =   ----    ----
   BIT SIZE         =   ----    ----
   EDATA SIZE       =   ----    ----
   HDATA SIZE       =   ----    ----
   XDATA CONST SIZE =   ----    ----
   FAR CONST SIZE   =   ----    ----
END OF MODULE INFORMATION.


C51 COMPILATION COMPLETE.  0 WARNING(S),  0 ERROR(S)
