C51 COMPILER V9.60.0.0   MAIN                                                              04/21/2023 14:26:40 PAGE 1   


C51 COMPILER V9.60.0.0, COMPILATION OF MODULE MAIN
OBJECT MODULE PLACED IN .\Objects\main.obj
COMPILER INVOKED BY: C:\Keil_v5\C51\BIN\C51.EXE Softwares\Application\main.c LARGE OMF2 OPTIMIZE(9,SPEED) BROWSE INCDIR(
                    -.\Drivers\Lib\c;.\Drivers\Lib\H;.\Drivers\Lib\IAP_Lib;.\Drivers\Lib\TouchKey_lib;.\Drivers\Physical;.\Drivers\Protocol;.
                    -\Softwares\Application;.\Softwares\Basic;.\Softwares\ModuleLogic) DEBUG PRINT(.\Listings\main.lst) TABS(2) OBJECT(.\Obje
                    -cts\main.obj)

line level    source

   1          #include "i2c.h"
   2          #include "usart.h"
   3          #include "spi.h"
   4          #include "tim.h"
   5          #include "IO.h"
   6          #include "LCD_HFG12864.h"
   7          #include <string.h>
   8          #include "RTC_PCF8563.h"
   9          #include "RTC.h"
  10          #include "adc.h"
  11          #include "BeepMgr.h"
  12          #include "Key_SinOne.h"
  13          #include "MFC_WS1850.h"
  14          #include "GUI_Function.h"
  15          #include "Basic_Function.h"
  16          #include "Flash.h"
  17          #include "FingerPrint.h"
  18          #include "LEDsMgr.h"
  19          #include "Motor.h"
  20          #include "Battery.h"
  21          #include "HallSlide.h"
  22          #include "Log.h"
  23          #include "LowPower.h"
  24          #include "FP.h"
  25          #include "GUI.h"
  26          
  27          /**************************************************************
  28          说明：
  29          ***************************************************************/
  30          uint8_t ReadRTC = 0;
  31          
  32          //uint8_t system_IC_busy_Flag = 0;
  33          void Main_System_Init(void)
  34          {
  35   1        EnableWDT();
  36   1        MX_GPIO_Init();
  37   1        SET_MFC_RST_H;
  38   1        MX_ADC1_Init();
  39   1        MX_TIM_Init();
  40   1        MX_SPI0_Init();
  41   1        MX_UART2_Init();
  42   1        FPcmd_Init();
  43   1        MX_I2C_Init();
  44   1        SET_POWER_ON;  
  45   1        #ifndef Function_USE_Internal_RTC
                //PCF8563_Init();
              //  Hardware_DelayMs(10);
                #endif  
  49   1        FPMpowerMgr.Status = FPMpowerOn;
  50   1        VOICE_Init();
  51   1        MFC_Init();
  52   1        Hardware_DelayMs(10);
C51 COMPILER V9.60.0.0   MAIN                                                              04/21/2023 14:26:40 PAGE 2   

  53   1        Touch_Init();
  54   1        Hardware_DelayMs(10);
  55   1        SystemTime.year   =   0x20;
  56   1        SystemTime.month  =   1;
  57   1        SystemTime.date   =   1;
  58   1        SystemTime.day    =   3;
  59   1        SystemTime.hour     =   0x00;
  60   1        SystemTime.minute   =   0x00;
  61   1        SystemTime.second   =   0;
  62   1        #ifdef Function_USE_Internal_RTC
  63   1        G_SystemUTCTime = SystemTimeToUTC(SystemTime);
  64   1        #else
                PCF8563_WriteTime();
                #endif
  67   1        GUI_Init();
  68   1        
  69   1        SafetyMonitorMgr.FpIdentifyFailedTimes = 0;
  70   1        SafetyMonitorMgr.CardIdentifyFailedTimes = 0;
  71   1        SafetyMonitorMgr.PasscodeIdentifyFailedTimes = 0;
  72   1        SafetyMonitorMgr.ManagerPasscodeIdentifyFailedTimes = 0;
  73   1        SafetyMonitorMgr.SystemLocked = bFALSE;
  74   1        
  75   1        /* Configure The Touch*/
  76   1        LogMgr_Init();
  77   1        /* Configure The Motor*/
  78   1        Hardware_MotorMgr_Init();
  79   1        
  80   1        CurrentScreen = SCREEN_Initialization;
  81   1        InitializationMgr.Status = StartInitialization;
  82   1        BatteryMgr.ProtectVoltageTriggerTimes = 0;
  83   1        BatteryMgr.LowBatteryProtectionEnabled = bFALSE;
  84   1        BatteryMgr.BatteryVoltage = 0;
  85   1        VoiceMgr.volume = 20; // default volume
  86   1        SET_VOLUME(VoiceMgr.volume);
  87   1        
  88   1        AntiPryingMgr.AntiPryingTrigger = bFALSE;
  89   1        AntiPryingMgr.AntiPryingSignalRelease = bFALSE; 
  90   1        #ifdef Function_HallSlideCover
                HallSlideCover_Init();
                #endif
  93   1        RefreshSystemSleepTime();
  94   1      }
  95          void main(void)
  96          {
  97   1        uint8_t i;
  98   1        
  99   1        FLASH_OB_Config();      //v121和中微有差异
 100   1        Main_System_Init();
 101   1        
 102   1        for (i = 0; i < 50; i++) 
 103   1        {
 104   2            Hardware_Task_Analog();
 105   2            HardwareBatteryMgr_Task();
 106   2        } //更新50次ADC
 107   1        #ifdef Function_FPMbreathingLed
 108   1        SetFPMbreathingLed(FPMbreathingLed_Bule);
 109   1        #endif
 110   1        Hardware_MotorMgr_Init(); //电机初始化
 111   1        
 112   1        
 113   1        while (1)
 114   1        {
C51 COMPILER V9.60.0.0   MAIN                                                              04/21/2023 14:26:40 PAGE 3   

 115   2          if ( G_tflagbits.T1024Hz == 1 )
 116   2          {
 117   3            G_tflagbits.T1024Hz =0;
 118   3          }
 119   2      
 120   2          if ( G_tflagbits.T256Hz == 1 )
 121   2          {
 122   3            G_tflagbits.T256Hz =0;      
 123   3          }
 124   2          
 125   2          if ( G_tflagbits.T64Hz == 1 )
 126   2          {
 127   3            G_tflagbits.T64Hz = 0;
 128   3        
 129   3            FPM_Mgr_Task();
 130   3      
 131   3            GUI_Task();
 132   3            
 133   3            Hardware_MotorMgr_Task(); 
 134   3      
 135   3            #if (defined ProjectIs_BarLock_S6902)
                    LEDsMgr_Task();
                    #endif
 138   3      
 139   3            if ( SystemPowerMgr.SleepDelayTimerCnt > 0 )
 140   3            {
 141   4              SystemPowerMgr.SleepDelayTimerCnt--;
 142   4            }
 143   3            
 144   3            if (SystemPowerMgr.AwakeTimerCnt < 60)
 145   3            {
 146   4              SystemPowerMgr.AwakeTimerCnt++;
 147   4            }
 148   3            #ifdef Function_HallSlideCover
                    HallSleep_Task();
                    #endif
 151   3            if (( MotorMgr.MotorStatus == IDLE )
 152   3              //&&( PINMACRO_KB_IRQ_STATUS != 0x00 )   
 153   3              &&( CurrentScreen != SCREEN_Initialization )
 154   3              &&( CurrentScreen != SCREEN_PickLockAlarm )
 155   3              &&( CurrentScreen != SCREEN_SystemLocked )
 156   3              &&( CurrentScreen != SCREEN_AgingTest )
 157   3      //        &&(CurrentScreen != SCREEN_SelfTest)
 158   3              &&((SystemPowerMgr.SleepDelayTimerCnt == 0x0000)  
 159   3                ) //casing closed
 160   3              )
 161   3            {
 162   4              System_PowerDown();
 163   4              System_Awake();
 164   4              CLRWDT();
 165   4              RefreshSystemSleepTime();
 166   4              SystemPowerMgr.AwakeTimerCnt=0x0000;
 167   4            }
 168   3          }
 169   2          
 170   2      //    if ( G_tflagbits.T16Hz == 1 )
 171   2      //    {
 172   2      //      
 173   2      //    }
 174   2          
 175   2          if ( G_tflagbits.T8Hz == 1 )
 176   2          {
C51 COMPILER V9.60.0.0   MAIN                                                              04/21/2023 14:26:40 PAGE 4   

 177   3            G_tflagbits.T8Hz =0;
 178   3            CLRWDT();
 179   3            #ifdef Function_ScreenDisplay
 180   3            //if(system_IC_busy_Flag == 0)
 181   3            {
 182   4              for(i=0;i<8;i++)
 183   4              { 
 184   5                Display_Task();
 185   5              }
 186   4            }
 187   3            #endif  
 188   3          }
 189   2      
 190   2          if ( G_tflagbits.T2Hz == 1 )
 191   2          {
 192   3            G_tflagbits.T2Hz =0;  
 193   3          }
 194   2          
 195   2          if ( G_tflagbits.T1Hz == 1 )
 196   2          {
 197   3            G_tflagbits.T1Hz =0;
 198   3            //SystemTimeUpdate();   
 199   3      
 200   3            //EEPROM_TESTING();
 201   3      
 202   3            //MFC_Test();
 203   3            //Flash_Test();
 204   3            //AppUnlockTest();
 205   3            #ifdef Function_USE_Internal_RTC
 206   3            SystemTime = UTCToSystemtime(G_SystemUTCTime);
 207   3            #else
                    if( ReadRTC == 0 )
                    {
                      PCF8563_ReadTime();
                    }
                    ReadRTC += 1;
                    if(ReadRTC >= 5)
                    ReadRTC = 0;
                    #endif
 216   3            DEBUG_MARK;
 217   3            
 218   3          }
 219   2        }
 220   1      }
 221          
 222          
 223          
 224          


MODULE INFORMATION:   STATIC OVERLAYABLE
   CODE SIZE        =    485    ----
   CONSTANT SIZE    =   ----    ----
   XDATA SIZE       =      1       1
   PDATA SIZE       =   ----    ----
   DATA SIZE        =   ----    ----
   IDATA SIZE       =   ----    ----
   BIT SIZE         =   ----    ----
   EDATA SIZE       =   ----    ----
   HDATA SIZE       =   ----    ----
   XDATA CONST SIZE =   ----    ----
   FAR CONST SIZE   =   ----    ----
C51 COMPILER V9.60.0.0   MAIN                                                              04/21/2023 14:26:40 PAGE 5   

END OF MODULE INFORMATION.


C51 COMPILATION COMPLETE.  0 WARNING(S),  0 ERROR(S)
