C51 COMPILER V9.60.0.0   FLASH                                                             05/12/2023 14:54:16 PAGE 1   


C51 COMPILER V9.60.0.0, COMPILATION OF MODULE FLASH
OBJECT MODULE PLACED IN .\Objects\Flash.obj
COMPILER INVOKED BY: C:\Keil_v5\C51\BIN\C51.EXE Drivers\Protocol\Flash.c LARGE OMF2 OPTIMIZE(9,SPEED) BROWSE INCDIR(.\Dr
                    -ivers\Lib\c;.\Drivers\Lib\H;.\Drivers\Lib\IAP_Lib;.\Drivers\Lib\TouchKey_lib;.\Drivers\Physical;.\Drivers\Protocol;.\Sof
                    -twares\Application;.\Softwares\Basic;.\Softwares\ModuleLogic;.\Drivers\Protocol\YC_NFC;.\Drivers\Protocol\WIFI_Tuya) DEB
                    -UG PRINT(.\Listings\Flash.lst) TABS(2) OBJECT(.\Objects\Flash.obj)

line level    source

   1          #include "EEPROM.h"
   2          #include "StdTypes.h"
   3          #include "IAP_Option_EW.h"
   4          
   5          void FLASH_ReadSequential(uint16_t StartAddr,uint8_t *BUFF,uint16_t Num)
   6          {
   7   1        EEPROM_ReadSequential(StartAddr,BUFF,Num);
   8   1      }
   9          
  10          void FLASH_WriteSequential(uint16_t StartAddr,uint8_t *BUFF,uint16_t Num)
  11          {
  12   1        EEPROM_WriteSequential(StartAddr,BUFF,Num);
  13   1      }
  14          
  15          void FLASH_PageWrite(uint16_t StartAddr,uint8_t *BUFF,uint16_t Num)//使用前必须先擦再写
  16          {
  17   1        EEPROM_PageWrite(StartAddr,BUFF,Num);
  18   1      }
  19          
  20          status_t Flash_EraseOnePage(uint16_t PageAddr)
  21          {
  22   1        IAP_EEPROMSectorEraseOption(PageAddr);
  23   1        return S_SUCCESS;
  24   1      }
  25          
  26          void FLASH_OB_Config(void)
  27          {
  28   1        return;
  29   1      }
  30          
  31          void Flash_Test(void)
  32          {
  33   1      
  34   1      }
  35          
  36          
  37          
  38          
  39          
  40          


MODULE INFORMATION:   STATIC OVERLAYABLE
   CODE SIZE        =     62    ----
   CONSTANT SIZE    =   ----    ----
   XDATA SIZE       =   ----      21
   PDATA SIZE       =   ----    ----
   DATA SIZE        =   ----    ----
   IDATA SIZE       =   ----    ----
   BIT SIZE         =   ----    ----
   EDATA SIZE       =   ----    ----
   HDATA SIZE       =   ----    ----
C51 COMPILER V9.60.0.0   FLASH                                                             05/12/2023 14:54:16 PAGE 2   

   XDATA CONST SIZE =   ----    ----
   FAR CONST SIZE   =   ----    ----
END OF MODULE INFORMATION.


C51 COMPILATION COMPLETE.  0 WARNING(S),  0 ERROR(S)
