C51 COMPILER V9.60.0.0   LOWPOWER                                                          05/12/2023 14:54:18 PAGE 1   


C51 COMPILER V9.60.0.0, COMPILATION OF MODULE LOWPOWER
OBJECT MODULE PLACED IN .\Objects\LowPower.obj
COMPILER INVOKED BY: C:\Keil_v5\C51\BIN\C51.EXE Softwares\Application\LowPower.c LARGE OMF2 OPTIMIZE(9,SPEED) BROWSE INC
                    -DIR(.\Drivers\Lib\c;.\Drivers\Lib\H;.\Drivers\Lib\IAP_Lib;.\Drivers\Lib\TouchKey_lib;.\Drivers\Physical;.\Drivers\Protoc
                    -ol;.\Softwares\Application;.\Softwares\Basic;.\Softwares\ModuleLogic;.\Drivers\Protocol\YC_NFC;.\Drivers\Protocol\WIFI_T
                    -uya) DEBUG PRINT(.\Listings\LowPower.lst) TABS(2) OBJECT(.\Objects\LowPower.obj)

line level    source

   1          #include "LowPower.h"
   2          #include "SensorMethod.h"
   3          #include "Project.h"
   4          #include "IO.h"
   5          #include "global_variable.h"
   6          #include "Basic_Function.h"
   7          #include "HallSlide.h"
   8          /*以下为休眠唤醒函数所需头文件*/
   9          #include "spi.h"
  10          #include "adc.h"
  11          #include "KeyScan.h"
  12          #include "GUI.h"
  13          #include "i2c.h"
  14          #include "Fingerprint.h"
  15          #include "MFC_WS1850.h"
  16          #include "yc_nfc_contactless_l1.h"
  17          #include "BeepMgr.h"
  18          #include "tim.h"
  19          #include "usart.h"
  20          #include "RTC_PCF8563.h"
  21          #include "LCD.h"
  22          #include "Battery.h"
  23          
  24          #include "TuyaWIFI.h"
  25          
  26          extern bool_t IfSystemIsInFactoryDefaultStatus(void);
  27          
  28          extern uint8_t LEDsCtrlSwitch;
  29          extern bit Touch_WakeUpFlag;
  30          #ifdef Function_HallSlide
              extern  bit SleepingHallState;  //休眠时读到霍尔io口的电位值
              extern bit HallSleepFlag;       //霍尔休眠标志
              #endif
  34          
  35          #ifdef Function_USE_Internal_RTC
              unsigned  char  SecondCount = 0;
              #endif
  38          
  39          uint8_t LastWakeUpKeyValue;
  40          int8_t KeyWakeUpKeyWaitTime = 0;
  41          bit     KeyJustWakeUp = 0;
  42          
  43          /**************************************************
  44          *函数名称：void IntoLowPowerMode_Init(void)
  45          *函数功能：进入低功耗模式前的的初始化
  46          *入口参数：void
  47          *出口参数：void  
  48          *备注说明：在进入低功耗前，对部分数据进行处理 
  49          **************************************************/
  50          void IntoLowPowerMode_Init(void)
  51          {
  52   1          /*进入低功耗前设置*/
C51 COMPILER V9.60.0.0   LOWPOWER                                                          05/12/2023 14:54:18 PAGE 2   

  53   1        KeyWakeUpKeyWaitTime = 8;//8*125ms = 1s
  54   1        #ifdef Function_HallSlide
                SleepingHallState = PINMACRO_HALLSENSOR_STATUS;
                HallSleepFlag = 0;
                #endif
  58   1      }
  59          
  60          /**************************************************
  61          *函数名称：void MX_QuitLowPowerMode(void)
  62          *函数功能d退出低功耗模式
  63          *入口参数：void
  64          *出口参数：void  
  65          **************************************************/
  66          void MX_QuitLowPowerMode(void)
  67          {
  68   1        TouchKey_QuitLowPowerMode();       
  69   1        Touch_WakeUpFlag = 1;
  70   1        INT1flag=0x00;
  71   1      }
  72          
  73          /**************************************************
  74          *函数名称：void AntiMisAwakeup(uint8_t KeyValue)
  75          *函数功能d防止偶然干扰造成自动唤醒
  76          *入口参数：uint8_t KeyValue
  77          *出口参数：void  
  78          **************************************************/
  79          void AntiMisAwakeup(uint8_t KeyValue)
  80          {
  81   1        if( KeyWakeUpKeyWaitTime <= 0 )
  82   1        {
  83   2          if(LastWakeUpKeyValue==KeyValue)
  84   2          {
  85   3            #ifdef Function_HallSlide
                      if( PINMACRO_HALLSENSOR_STATUS == 0 )
                      {
                        AwakeSystemKeyMgr.IsDoorBellKeyAwake = bFALSE;
                        AwakeSystemKeyMgr.IsPoundsignKeyAwake = bFALSE;
                        MX_QuitLowPowerMode();
                        KeyJustWakeUp = 1;
                      }
                      LastWakeUpKeyValue = 0xff;
                    #else
  95   3              AwakeSystemKeyMgr.IsDoorBellKeyAwake = bFALSE;
  96   3              AwakeSystemKeyMgr.IsPoundsignKeyAwake = bFALSE;
  97   3              MX_QuitLowPowerMode();
  98   3              #if defined ProjectIs_BarLock_S6904 || defined ProjectIs_BarLock_S6904v2  \
  99   3               || defined ProjectIs_BarLock_S4914
 100   3                if( KeyValue == 0x00 )
 101   3                {
 102   4                  AwakeSystemKeyMgr.IsDoorBellKeyAwake = bTRUE;
 103   4                }
 104   3              #elif (defined ProjectIs_BarLock_S6421) || (defined ProjectIs_BarLock_S6421v2)  \
 105   3                 || (defined ProjectIs_BarLock_S6428) || (defined ProjectIs_BarLock_S6428v2)  \
 106   3                 || (defined ProjectIs_BarLock_S6430) 
                        if( KeyValue == 0x06 )
                        {
                          AwakeSystemKeyMgr.IsDoorBellKeyAwake = bTRUE;
                        }
                      #endif
 112   3              KeyJustWakeUp = 1;
 113   3              LastWakeUpKeyValue = 0xff;
 114   3            #endif
C51 COMPILER V9.60.0.0   LOWPOWER                                                          05/12/2023 14:54:18 PAGE 3   

 115   3          }
 116   2          else{
 117   3            LastWakeUpKeyValue = KeyValue;
 118   3          }
 119   2        }
 120   1        else{
 121   2          LastWakeUpKeyValue = 0xff;
 122   2        }
 123   1      }
 124          
 125          /**************************************************
 126          *函数名称：void LowPowerAwakeupDispose(void)
 127          *函数功能d低功耗唤醒检测（不带触摸按键检测）
 128          *入口参数：void
 129          *出口参数：void  
 130          **************************************************/
 131          void LowPowerAwakeupDispose(void)
 132          {
 133   1        if( PickAlarmEnableMgr.Enable == bTRUE )
 134   1        {
 135   2          if(( PINMACRO_PICKLOCK_STATUS == 1 )&&( AntiPryingMgr.AntiPryingSignalRelease == bTRUE ))
 136   2          {
 137   3            MX_QuitLowPowerMode();
 138   3          }
 139   2        }
 140   1        if(( PINMACRO_FPM_TOUCH_STATUS == 1 )||( PINMACRO_ONBOARD_BUTTON_STATUS == 0 ))
 141   1        {
 142   2          MX_QuitLowPowerMode();
 143   2        }
 144   1        #ifdef Function_HallSlide
                HallAwakeupDispose();
                #endif
 147   1      //  if( INT1flag != 0 )
 148   1      //  {
 149   1      //    MX_QuitLowPowerMode();
 150   1      //  }
 151   1      }
 152          
 153          /**************************************************
 154          *函数名称：void System_PowerDown(void)
 155          *函数功能d系统休眠开始
 156          *入口参数：void
 157          *出口参数：void  
 158          **************************************************/
 159          void System_PowerDown(void)
 160          {
 161   1        uint16_t i;
 162   1        //uint8_t j=0,k=0;
 163   1        //uint32_t Awake_key=0;
 164   1        
 165   1        static uint16_t FPtimeout_times,FP_SleepFailedTimes;
 166   1        
 167   1        CLRWDT();
 168   1        DEBUG_MARK;
 169   1        
 170   1        #ifdef Function_ScreenDisplay
                Clear_Screen();
                #endif
 173   1        
 174   1        #ifndef DEBUG_MODE
 175   1        SET_LOGLED_OFF;
 176   1        #endif
C51 COMPILER V9.60.0.0   LOWPOWER                                                          05/12/2023 14:54:18 PAGE 4   

 177   1        
 178   1        ADC_DeInit();
 179   1        
 180   1        MX_TIM_DeInit();
 181   1      
 182   1        SPI0_DeInit();
 183   1      
 184   1        MFC_POWERDOWN();
 185   1      
 186   1        VoicePlayerPowerDown();
 187   1      
 188   1        CLRWDT();
 189   1      
 190   1        FPtimeout_times=0;
 191   1        FP_SleepFailedTimes=0;
 192   1        while(1)
 193   1        {
 194   2          FpmAckMgr.Status = WaitACK;
 195   2          FPM_SendSleepCmd();
 196   2          for (i=0;i<25;i++)
 197   2          {
 198   3            CLRWDT();
 199   3            Hardware_DelayMs(20);
 200   3            FPM_Mgr_Task();
 201   3            if ( FpmAckMgr.Status == GotACK )
 202   3            {
 203   4              if (  ( FpmAckMgr.ErrorCode == Error_NONE)
 204   4                &&(PINMACRO_FPM_TOUCH_STATUS == 0 )
 205   4                )
 206   4              {
 207   5                FPMpowerMgr.Status = FPMpowerDown;  
 208   5                DEBUG_MARK;
 209   5                break;
 210   5              }
 211   4              else
 212   4              {
 213   5                FP_SleepFailedTimes++;
 214   5                DEBUG_MARK;
 215   5                
 216   5                if (FP_SleepFailedTimes>350)    //FP not released more than 10s
 217   5                {
 218   6                  FPMpowerMgr.Status = FPMpowerDown;  
 219   6                }
 220   5                break;
 221   5              }
 222   4              
 223   4            }
 224   3            else
 225   3            {
 226   4              if (i>23)   //time out,FP failed
 227   4              {
 228   5                FPtimeout_times++;
 229   5                if (FPtimeout_times>2)
 230   5                {
 231   6                  FPMpowerMgr.Status = FPMpowerDown;  
 232   6                  break;
 233   6                }
 234   5              }
 235   4            }
 236   3          }
 237   2          CLRWDT();
 238   2          if ( FPMpowerMgr.Status == FPMpowerDown)
C51 COMPILER V9.60.0.0   LOWPOWER                                                          05/12/2023 14:54:18 PAGE 5   

 239   2          {
 240   3            DEBUG_MARK;
 241   3            MX_UART2_DeInit();
 242   3            SET_FPMPOWER_OFF; 
 243   3            Hardware_DelayMs(3);//Wait for Power line lost power
 244   3            break;
 245   3          }
 246   2        }
 247   1        #if (defined ProjectIs_BarLock_S7702) || (defined ProjectIs_BarLock_S4914)
 248   1          LEDsCtrlSwitch = 0;
 249   1        #endif
 250   1          //wait for user release touch button
 251   1        if ( SystemPowerMgr.SleepSource == UserForced )
 252   1        {
 253   2          for (i=0;i<10;i++)
 254   2          {
 255   3            CLRWDT();
 256   3            Hardware_DelayMs(1);
 257   3          }
 258   2        }
 259   1        #ifdef Function_TuyaWifi
                if( WifiMgr.PostMgr.RemoteUnlockCountdown > 0 )
                {
                  WifiRemoteUnlockStop();
                }
                while( WifiMgr.PowerState == WIFIPowerOpened )
                {
                  Wifi_Mgr_Task();
                  Hardware_DelayMs(16);
                  CLRWDT();
                }
                //MX_UART1_DeInit();
                #endif
 272   1      
 273   1        MX_GPIO_DeInit();
 274   1        
 275   1        Enable_EX_Interrupt();
 276   1        
 277   1        IntoLowPowerMode_Init();
 278   1      
 279   1        TouchKey_IntoLowPowerMode();
 280   1        i=0;
 281   1        while(i!=1)
 282   1        {
 283   2          if(GetLowPowerScanFlag() == 0)  //正常运行模式 
 284   2          {
 285   3            i=1;
 286   3          }
 287   2          else            //低功耗运行模式
 288   2          {
 289   3            LowPower_Touchkey_Scan();
 290   3          } 
 291   2        }
 292   1      }
 293          
 294          /**************************************************
 295          *函数名称：void System_Awake(void)
 296          *函数功能d系统唤醒开始
 297          *入口参数：void
 298          *出口参数：void  
 299          **************************************************/
 300          void System_Awake(void)
C51 COMPILER V9.60.0.0   LOWPOWER                                                          05/12/2023 14:54:18 PAGE 6   

 301          {
 302   1        uint8_t i;
 303   1        
 304   1        CLRWDT();
 305   1      
 306   1        Hardware_DelayMs(1);    //wait for system clock stable//
 307   1        
 308   1        MX_GPIO_Init();
 309   1        
 310   1        SET_MFC_RST_H;
 311   1        
 312   1        MX_ADC1_Init();
 313   1        
 314   1        MX_TIM_Init();
 315   1        
 316   1        MX_SPI0_Init();
 317   1        
 318   1        MX_I2C_Init();
 319   1        
 320   1        #ifndef DEBUG_MODE
 321   1        SET_LOGLED_ON;
 322   1        #endif
 323   1        
 324   1        #if (defined ProjectIs_BarLock_S7702) || (defined ProjectIs_BarLock_S4914)
 325   1        SET_LEDKEYs_OFF;
 326   1        #endif
 327   1        
 328   1      //  #ifdef Function_TuyaWifi
 329   1      //  MX_UART1_Init();
 330   1      //  //Wifi_Init();
 331   1      //  Wifi_Rst();
 332   1      //  #endif
 333   1        
 334   1        MX_UART2_Init();
 335   1        
 336   1        SYSPOWER_ON;        
 337   1        FPMpowerMgr.Status = FPMpowerOn;
 338   1        Hardware_DelayMs(5);    //wait for OLED Driver power on reset
 339   1        
 340   1        MFC_Init();
 341   1        Hardware_DelayMs(5);  
 342   1        
 343   1        TouchKeyRestart();
 344   1        Key_Init();
 345   1        
 346   1        GUI_Init(); 
 347   1      
 348   1        SET_VOLUME(VoiceMgr.volume);
 349   1      
 350   1        Hardware_DelayMs(1);
 351   1        
 352   1        for (i=0;i<100;i++)
 353   1        {
 354   2          if( i%10 == 0 )CLRWDT();
 355   2          Hardware_Task_Analog();
 356   2          HardwareBatteryMgr_Task();
 357   2        }
 358   1        
 359   1        if (( BatteryMgr.BatteryLevel == LEVEL_1 )||( BatteryMgr.BatteryLevel == LEVEL_0 ))
 360   1        {
 361   2          PLAY_VOICE_ONESEGMENT(VOICE_PleaseReplaceTheBattery);
 362   2          BatteryMgr.TimeCnt = Def_MessageBoxTimeDelay;
C51 COMPILER V9.60.0.0   LOWPOWER                                                          05/12/2023 14:54:18 PAGE 7   

 363   2          CurrentScreen = SCREEN_LowBattery;    
 364   2        }
 365   1        #ifdef INSIDEBUTTONINTOMAINMENU
                else if (SystemPowerMgr.AwakeSource == SystemResetKey)    
                {
                  if ( PINMACRO_ONBOARD_BUTTON_STATUS != 0 )
                  {
                    //TouchKeyStatus.KEY_INSIDEBUTTON_Pressed = bTRUE;
                    //SystemPowerMgr.AwakeSource = DoNotCare; 
                    CurrentScreen = SCREEN_ManagerIdentify;
                    ManagerIdentifyMgr.Status = StartManagerIdentify;
                  }
              
                } 
                #endif
 378   1        else
 379   1        {
 380   2          CurrentScreen = SCREEN_Main;
 381   2          PasscodeUserIdentifyMgr.Status = PasscodeIdentifyIdle;
 382   2          FpIdentifyMgr.Status = FPMcmdStart;
 383   2          CardIdentifyMgr.Status = ReadingCardID;
 384   2          if ( IfSystemIsInFactoryDefaultStatus()==bTRUE )
 385   2          {
 386   3            PLAY_VOICE_ONESEGMENT(VOICE_PleaseAddMasterFirst);
 387   3          }
 388   2          else
 389   2          {
 390   3            if (  (SystemPowerMgr.AwakeSource == CasingOpen)
 391   3              ||(SystemPowerMgr.AwakeSource == KeyBoardTouch)
 392   3              )
 393   3            {
 394   4              PLAY_VOICE_ONESEGMENT_FIXED(VOICE_POWERON); 
 395   4            }
 396   3          }
 397   2        }
 398   1        
 399   1        SystemPowerMgr.SleepSource = SleepTimer;
 400   1      
 401   1      #ifdef Function_FPMbreathingLed
 402   1        for(i=0;i<25;i++)
 403   1        {
 404   2          CLRWDT();
 405   2          FpmAckMgr.Status = WaitACK;
 406   2          FPM_SetBreathingLED(1,1,1,255);   //Blue LED breathing
 407   2          Hardware_DelayMs(20);
 408   2          FPM_Mgr_Task();
 409   2          if ( FpmAckMgr.Status == GotACK )
 410   2          {
 411   3            break;
 412   3          }
 413   2        }
 414   1      #endif
 415   1        
 416   1      }
 417          
 418          /**************************************************
 419          *函数名称：void LowPowerTimer_ISR(void)
 420          *函数功能d低功耗模式下定时器中断服务函数（125ms调用一次）
 421          *入口参数：void
 422          *出口参数：void  
 423          **************************************************/
 424          void LowPowerTimer_ISR(void) 
C51 COMPILER V9.60.0.0   LOWPOWER                                                          05/12/2023 14:54:18 PAGE 8   

 425          {
 426   1        #ifdef Function_USE_Internal_RTC
                SecondCount += 1;
                if( SecondCount >= 8 )
                {
                  SecondCount = 0;
                  G_SystemUTCTime += 1;
                }
                #endif
 434   1        if ( KeyWakeUpKeyWaitTime > 0 )
 435   1        {
 436   2          KeyWakeUpKeyWaitTime--;
 437   2        }
 438   1      }
 439          
 440          
 441          


MODULE INFORMATION:   STATIC OVERLAYABLE
   CODE SIZE        =    773    ----
   CONSTANT SIZE    =   ----    ----
   XDATA SIZE       =      6       4
   PDATA SIZE       =   ----    ----
   DATA SIZE        =   ----    ----
   IDATA SIZE       =   ----    ----
   BIT SIZE         =      1    ----
   EDATA SIZE       =   ----    ----
   HDATA SIZE       =   ----    ----
   XDATA CONST SIZE =   ----    ----
   FAR CONST SIZE   =   ----    ----
END OF MODULE INFORMATION.


C51 COMPILATION COMPLETE.  0 WARNING(S),  0 ERROR(S)
