C51 COMPILER V9.60.0.0   TIM                                                               05/12/2023 14:54:15 PAGE 1   


C51 COMPILER V9.60.0.0, COMPILATION OF MODULE TIM
OBJECT MODULE PLACED IN .\Objects\tim.obj
COMPILER INVOKED BY: C:\Keil_v5\C51\BIN\C51.EXE Drivers\Physical\tim.c LARGE OMF2 OPTIMIZE(9,SPEED) BROWSE INCDIR(.\Driv
                    -ers\Lib\c;.\Drivers\Lib\H;.\Drivers\Lib\IAP_Lib;.\Drivers\Lib\TouchKey_lib;.\Drivers\Physical;.\Drivers\Protocol;.\Softw
                    -ares\Application;.\Softwares\Basic;.\Softwares\ModuleLogic;.\Drivers\Protocol\YC_NFC;.\Drivers\Protocol\WIFI_Tuya) DEBUG
                    - PRINT(.\Listings\tim.lst) TABS(2) OBJECT(.\Objects\tim.obj)

line level    source

   1          #include "tim.h"
   2          #include "ISR.h"
   3          #include "SC95F861xB_C.H"
   4          
   5          TimerCount_t TimerCount;
   6          bit Tim3_Flag = 0; 
   7          #ifdef Function_NFCUsed_YC5018
              extern bit NFC_TIM_FLAG;
              extern uint16_t NFC_TIM_COUNT;
              uint16_t NFC_TIM_COUNT_MS;
              #endif
  12          
  13          void MX_TIM_Init(void)
  14          {
  15   1        TMCON |= 0X01;
  16   1        MX_TIM0_Init();
  17   1        MX_TIM1_Init();
  18   1        //MX_TIM3_Init();
  19   1        TimerCount.Timer0Cnt=0;
  20   1        TimerCount.Timer1Cnt=0;
  21   1        //TimerCount.Timer3Cnt=0;
  22   1      }
  23          
  24          void MX_TIM_DeInit(void)
  25          {
  26   1        //T0
  27   1        ET0 = 0;//定时器0允许
  28   1        TR0 = 0;//打开定时器0
  29   1        //T1
  30   1        ET1 = 0;//定时器1允许
  31   1        TR1 = 0;//打开定时器1
  32   1      }
  33          
  34          void MX_TIM0_Init(void)
  35          {
  36   1        //T0设置，频率为1KHZ(主频：32M)
  37   1        TMOD |= 0x01;                 //0000 0001;Timer0设置工作方式1
  38   1        TL0 = (65536 - 32000)%256;    //时钟为Fsys，则溢出时间=32000*（1/Fsys）;
  39   1        TH0 = (65536 - 32000)/256;
  40   1        TR0 = 0;
  41   1        ET0 = 1;//定时器0允许
  42   1        TR0 = 1;//打开定时器0
  43   1      }
  44          
  45          void MX_TIM1_Init(void)
  46          {
  47   1        //T1设置，频率为200KHZ(主频：32M)
  48   1        TMOD |= 0x20;            //0010 0000;Timer1设置工作方式2
  49   1        TL1 = 256 - 160;         //时钟为Fsys，则溢出时间=160*（1/Fsys）;
  50   1        TH1 = 256 - 160;
  51   1        TR1 = 0;
  52   1        IPT1 =1;//设置Timer1中断优先级为高
C51 COMPILER V9.60.0.0   TIM                                                               05/12/2023 14:54:15 PAGE 2   

  53   1        ET1 = 1;//定时器1允许
  54   1        TR1 = 1;//打开定时器1
  55   1      }
  56          
  57          void MX_TIM3_Init(void)
  58          {
  59   1        //T3设置，频率为1KHZ(主频：32M)
  60   1        TXINX = 0x03;    //选择定时器T3
  61   1        TXMOD = 0x80;    
  62   1        TXCON = 0x00;  //设置为16位重载寄存器
  63   1        RCAPXH = (65536-32000)/256;     //时钟为Fsys，则溢出时间=32000*（1/Fsys）;
  64   1        RCAPXL = (65536-32000)%256;
  65   1        TRX = 0;
  66   1        IE1 |= 0x40; //定时器3允许
  67   1        IP1 |= 0X40;
  68   1        TRX = 1;     //打开定时器3  
  69   1      }
  70          
  71          //1ms
  72          void timer0() interrupt 1
  73          {
  74   1        TL0 = (65536 - 32000)%256;      //手动重装载值低8位
  75   1        TH0 = (65536 - 32000)/256;      //手动重装载值高8位
  76   1      //  TimerCount.Timer0Cnt+=1;
  77   1      //  if(TimerCount.Timer0Cnt>=1000)
  78   1      //  {
  79   1      //    TimerCount.Timer0Cnt=0;
  80   1      //  }
  81   1        SysTick_ISR();
  82   1        #ifdef Function_NFCUsed_YC5018
                if( NFC_TIM_FLAG )
                {
                  NFC_TIM_COUNT_MS += 1;
                  if( NFC_TIM_COUNT_MS >= 1000 )
                  {
                    NFC_TIM_COUNT_MS = 0;
                    NFC_TIM_COUNT += 1;
                    if( NFC_TIM_COUNT >2000 )
                    {
                      NFC_TIM_COUNT = 0;
                    }
                  }
                }
                #endif
  97   1      }
  98          
  99          //60us
 100          void timer1() interrupt 3
 101          {
 102   1        TimerCount.Timer1Cnt+=1;
 103   1        if(TimerCount.Timer1Cnt>=5)//300us
 104   1        {
 105   2          TimerCount.Timer1Cnt=0;
 106   2          TIM3_ISR();
 107   2        }
 108   1      }
 109          
 110          //1ms
 111          void Timer3Int(void) interrupt 13
 112          {   
 113   1        TXINX = 0x03;   //选择定时器T3
 114   1        TFX = 0;        //溢出清零
C51 COMPILER V9.60.0.0   TIM                                                               05/12/2023 14:54:15 PAGE 3   

 115   1      
 116   1        TimerCount.Timer3Cnt+=1;
 117   1        if(TimerCount.Timer3Cnt>=1000)
 118   1        {
 119   2          TimerCount.Timer3Cnt=0;
 120   2          Tim3_Flag=1;
 121   2        }
 122   1      }


MODULE INFORMATION:   STATIC OVERLAYABLE
   CODE SIZE        =    312    ----
   CONSTANT SIZE    =   ----    ----
   XDATA SIZE       =      6    ----
   PDATA SIZE       =   ----    ----
   DATA SIZE        =   ----    ----
   IDATA SIZE       =   ----    ----
   BIT SIZE         =      1    ----
   EDATA SIZE       =   ----    ----
   HDATA SIZE       =   ----    ----
   XDATA CONST SIZE =   ----    ----
   FAR CONST SIZE   =   ----    ----
END OF MODULE INFORMATION.


C51 COMPILATION COMPLETE.  0 WARNING(S),  0 ERROR(S)
