C51 COMPILER V9.60.0.0   MAIN                                                              05/16/2023 14:42:17 PAGE 1   


C51 COMPILER V9.60.0.0, COMPILATION OF MODULE MAIN
OBJECT MODULE PLACED IN .\Objects\main.obj
COMPILER INVOKED BY: C:\Keil_v5\C51\BIN\C51.EXE Softwares\Application\main.c LARGE OMF2 OPTIMIZE(9,SPEED) BROWSE INCDIR(
                    -.\Drivers\Lib\c;.\Drivers\Lib\H;.\Drivers\Lib\IAP_Lib;.\Drivers\Lib\TouchKey_lib;.\Drivers\Physical;.\Drivers\Protocol;.
                    -\Softwares\Application;.\Softwares\Basic;.\Softwares\ModuleLogic) DEBUG PRINT(.\Listings\main.lst) TABS(2) OBJECT(.\Obje
                    -cts\main.obj)

line level    source

   1          #include "i2c.h"
   2          #include "usart.h"
   3          #include "spi.h"
   4          #include "tim.h"
   5          #include "IO.h"
   6          #include "LCD_HFG12864.h"
   7          #include <string.h>
   8          #include "RTC_PCF8563.h"
   9          #include "RTC.h"
  10          #include "adc.h"
  11          #include "BeepMgr.h"
  12          #include "Key_SinOne.h"
  13          #include "MFC_WS1850.h"
  14          #include "GUI_Function.h"
  15          #include "Basic_Function.h"
  16          #include "Flash.h"
  17          #include "FingerPrint.h"
  18          #include "LEDsMgr.h"
  19          #include "Motor.h"
  20          #include "Battery.h"
  21          #include "HallSlide.h"
  22          #include "Log.h"
  23          #include "LowPower.h"
  24          #include "FP.h"
  25          #include "GUI.h"
  26          
  27          /**************************************************************
  28          说明：
  29          ***************************************************************/
  30          uint8_t ReadRTC = 0;
  31          
  32          //uint8_t system_IC_busy_Flag = 0;
  33          void Main_System_Init(void)
  34          {
  35   1        EnableWDT();
  36   1        MX_GPIO_Init();
  37   1        SET_MFC_RST_H;
  38   1        MX_ADC1_Init();
  39   1        MX_TIM_Init();
  40   1        MX_SPI0_Init();
  41   1        MX_UART2_Init();
  42   1        FPcmd_Init();
  43   1        MX_I2C_Init();
  44   1        SET_POWER_ON;  
  45   1        #ifndef Function_USE_Internal_RTC
                //PCF8563_Init();
              //  Hardware_DelayMs(10);
                #endif  
  49   1        FPMpowerMgr.Status = FPMpowerOn;
  50   1        VOICE_Init();
  51   1        MFC_Init();
  52   1        Hardware_DelayMs(10);
C51 COMPILER V9.60.0.0   MAIN                                                              05/16/2023 14:42:17 PAGE 2   

  53   1        Touch_Init();
  54   1        AwakeSystemKeyMgr.IsDoorBellKeyAwake = bFALSE;
  55   1        AwakeSystemKeyMgr.IsPoundsignKeyAwake = bFALSE;
  56   1        Hardware_DelayMs(10);
  57   1        SystemTime.year   =   0x20;
  58   1        SystemTime.month  =   1;
  59   1        SystemTime.date   =   1;
  60   1        SystemTime.day    =   3;
  61   1        SystemTime.hour     =   0x00;
  62   1        SystemTime.minute   =   0x00;
  63   1        SystemTime.second   =   0;
  64   1        #ifdef Function_USE_Internal_RTC
  65   1        G_SystemUTCTime = SystemTimeToUTC(SystemTime);
  66   1        #else
                PCF8563_WriteTime();
                #endif
  69   1        GUI_Init();
  70   1        
  71   1        SafetyMonitorMgr.FpIdentifyFailedTimes = 0;
  72   1        SafetyMonitorMgr.CardIdentifyFailedTimes = 0;
  73   1        SafetyMonitorMgr.PasscodeIdentifyFailedTimes = 0;
  74   1        SafetyMonitorMgr.ManagerPasscodeIdentifyFailedTimes = 0;
  75   1        SafetyMonitorMgr.SystemLocked = bFALSE;
  76   1        UserIdentifyResultMgr.FlagContinuedOpenEnabled = bFALSE;
  77   1        
  78   1        /* Configure The Touch*/
  79   1        LogMgr_Init();
  80   1        /* Configure The Motor*/
  81   1        Hardware_MotorMgr_Init();
  82   1        
  83   1        CurrentScreen = SCREEN_Initialization;
  84   1        InitializationMgr.Status = StartInitialization;
  85   1        BatteryMgr.ProtectVoltageTriggerTimes = 0;
  86   1        BatteryMgr.LowBatteryProtectionEnabled = bFALSE;
  87   1        BatteryMgr.BatteryVoltage = 0;
  88   1        VoiceMgr.volume = 20; // default volume
  89   1        SET_VOLUME(VoiceMgr.volume);
  90   1        
  91   1        AntiPryingMgr.AntiPryingTrigger = bFALSE;
  92   1        AntiPryingMgr.AntiPryingSignalRelease = bFALSE; 
  93   1        #ifdef Function_HallSlideCover
                HallSlideCover_Init();
                #endif
  96   1        RefreshSystemSleepTime();
  97   1      }
  98          void main(void)
  99          {
 100   1        uint8_t i;
 101   1        
 102   1        FLASH_OB_Config();      //v121和中微有差异
 103   1        Main_System_Init();
 104   1        
 105   1        for (i = 0; i < 50; i++) 
 106   1        {
 107   2            Hardware_Task_Analog();
 108   2            HardwareBatteryMgr_Task();
 109   2        } //更新50次ADC
 110   1        #ifdef Function_FPMbreathingLed
 111   1        SetFPMbreathingLed(FPMbreathingLed_Bule);
 112   1        #endif
 113   1        Hardware_MotorMgr_Init(); //电机初始化
 114   1        
C51 COMPILER V9.60.0.0   MAIN                                                              05/16/2023 14:42:17 PAGE 3   

 115   1        
 116   1        while (1)
 117   1        {
 118   2          if ( G_tflagbits.T1024Hz == 1 )
 119   2          {
 120   3            G_tflagbits.T1024Hz =0;
 121   3          }
 122   2      
 123   2          if ( G_tflagbits.T256Hz == 1 )
 124   2          {
 125   3            G_tflagbits.T256Hz =0;      
 126   3          }
 127   2          
 128   2          if ( G_tflagbits.T64Hz == 1 )
 129   2          {
 130   3            G_tflagbits.T64Hz = 0;
 131   3        
 132   3            FPM_Mgr_Task();
 133   3      
 134   3            GUI_Task();
 135   3            
 136   3            Hardware_MotorMgr_Task(); 
 137   3      
 138   3            #if (defined ProjectIs_BarLock_S6902)
                    LEDsMgr_Task();
                    #endif
 141   3      
 142   3            if ( SystemPowerMgr.SleepDelayTimerCnt > 0 )
 143   3            {
 144   4              SystemPowerMgr.SleepDelayTimerCnt--;
 145   4            }
 146   3            
 147   3            if (SystemPowerMgr.AwakeTimerCnt < 60)
 148   3            {
 149   4              SystemPowerMgr.AwakeTimerCnt++;
 150   4            }
 151   3            #ifdef Function_HallSlideCover
                    HallSleep_Task();
                    #endif
 154   3            if (( MotorMgr.MotorStatus == IDLE )
 155   3              //&&( PINMACRO_KB_IRQ_STATUS != 0x00 )   
 156   3              &&( CurrentScreen != SCREEN_Initialization )
 157   3              &&( CurrentScreen != SCREEN_PickLockAlarm )
 158   3              &&( CurrentScreen != SCREEN_SystemLocked )
 159   3              &&( CurrentScreen != SCREEN_AgingTest )
 160   3      //        &&(CurrentScreen != SCREEN_SelfTest)
 161   3              &&((SystemPowerMgr.SleepDelayTimerCnt == 0x0000)  
 162   3                ) //casing closed
 163   3              )
 164   3            {
 165   4              System_PowerDown();
 166   4              System_Awake();
 167   4              CLRWDT();
 168   4              RefreshSystemSleepTime();
 169   4              SystemPowerMgr.AwakeTimerCnt=0x0000;
 170   4            }
 171   3          } 
 172   2      //    if ( G_tflagbits.T16Hz == 1 )
 173   2      //    {
 174   2      //      
 175   2      //    }
 176   2          
C51 COMPILER V9.60.0.0   MAIN                                                              05/16/2023 14:42:17 PAGE 4   

 177   2          if ( G_tflagbits.T8Hz == 1 )
 178   2          {
 179   3            G_tflagbits.T8Hz =0;
 180   3            CLRWDT();
 181   3            #ifdef Function_ScreenDisplay
 182   3            //if(system_IC_busy_Flag == 0)
 183   3            {
 184   4              for(i=0;i<8;i++)
 185   4              { 
 186   5                Display_Task();
 187   5              }
 188   4            }
 189   3            #endif  
 190   3          }
 191   2      
 192   2          if ( G_tflagbits.T2Hz == 1 )
 193   2          {
 194   3            G_tflagbits.T2Hz =0;  
 195   3          }
 196   2          
 197   2          if ( G_tflagbits.T1Hz == 1 )
 198   2          {
 199   3            G_tflagbits.T1Hz =0;
 200   3            //SystemTimeUpdate();   
 201   3      
 202   3            //EEPROM_TESTING();
 203   3      
 204   3            //MFC_Test();
 205   3            //Flash_Test();
 206   3            //AppUnlockTest();
 207   3            #ifdef Function_USE_Internal_RTC
 208   3            SystemTime = UTCToSystemtime(G_SystemUTCTime);
 209   3            #else
                    if( ReadRTC == 0 )
                    {
                      PCF8563_ReadTime();
                    }
                    ReadRTC += 1;
                    if(ReadRTC >= 5)
                    ReadRTC = 0;
                    #endif
 218   3            DEBUG_MARK;
 219   3            
 220   3          }
 221   2        }
 222   1      }
 223          
 224          
 225          
 226          


MODULE INFORMATION:   STATIC OVERLAYABLE
   CODE SIZE        =    497    ----
   CONSTANT SIZE    =   ----    ----
   XDATA SIZE       =      1       1
   PDATA SIZE       =   ----    ----
   DATA SIZE        =   ----    ----
   IDATA SIZE       =   ----    ----
   BIT SIZE         =   ----    ----
   EDATA SIZE       =   ----    ----
   HDATA SIZE       =   ----    ----
C51 COMPILER V9.60.0.0   MAIN                                                              05/16/2023 14:42:17 PAGE 5   

   XDATA CONST SIZE =   ----    ----
   FAR CONST SIZE   =   ----    ----
END OF MODULE INFORMATION.


C51 COMPILATION COMPLETE.  0 WARNING(S),  0 ERROR(S)
