C51 COMPILER V9.60.0.0   VOICE_MENU                                                        05/16/2023 14:42:17 PAGE 1   


C51 COMPILER V9.60.0.0, COMPILATION OF MODULE VOICE_MENU
OBJECT MODULE PLACED IN .\Objects\Voice_Menu.obj
COMPILER INVOKED BY: C:\Keil_v5\C51\BIN\C51.EXE Softwares\Basic\Voice_Menu.c LARGE OMF2 OPTIMIZE(9,SPEED) BROWSE INCDIR(
                    -.\Drivers\Lib\c;.\Drivers\Lib\H;.\Drivers\Lib\IAP_Lib;.\Drivers\Lib\TouchKey_lib;.\Drivers\Physical;.\Drivers\Protocol;.
                    -\Softwares\Application;.\Softwares\Basic;.\Softwares\ModuleLogic) DEBUG PRINT(.\Listings\Voice_Menu.lst) TABS(2) OBJECT(
                    -.\Objects\Voice_Menu.obj)

line level    source

   1          #include "Voice_Menu.h"
   2          #include "BeepMgr.h"
   3          #include "Project.h"
   4          
   5          
   6          code uint8_t MainMenuVoiceBuff[][6]=
   7          { 
   8            {VOICE_Press,VOICE_One,VOICE_Fingerprint,VOICE_User,VOICE_Management,DEF_VoiceSegmentEndFlag},
   9            {VOICE_Press,VOICE_Two,VOICE_Password,VOICE_User,VOICE_Management,DEF_VoiceSegmentEndFlag},
  10            {VOICE_Press,VOICE_Three,VOICE_Card,VOICE_User,VOICE_Management,DEF_VoiceSegmentEndFlag},
  11            {VOICE_Press,VOICE_Four,VOICE_SystemSetting,DEF_VoiceSegmentEndFlag},
  12            {VOICE_Press,VOICE_Five,VOICE_Log,VOICE_Query,DEF_VoiceSegmentEndFlag},
  13            {VOICE_PressAsteriskKey,VOICE_ExitMenu,DEF_VoiceSegmentEndFlag}
  14          };
  15          
  16            
  17          code uint8_t FpMenuVoiceBuff[][7] = {
  18            {VOICE_Press,VOICE_One,VOICE_Add,VOICE_Administrator,VOICE_Fingerprint,DEF_VoiceSegmentEndFlag},
  19            {VOICE_Press,VOICE_Two,VOICE_Add,VOICE_User,VOICE_Fingerprint,DEF_VoiceSegmentEndFlag},
  20            {VOICE_Press,VOICE_Three,VOICE_Delete,VOICE_All,VOICE_User,VOICE_Fingerprint,DEF_VoiceSegmentEndFlag},
  21            {VOICE_PressAsteriskKey,VOICE_ReturnPreviousMenu,DEF_VoiceSegmentEndFlag}
  22          };
  23          code uint8_t PasscodeMenuVoiceBuff[][7]={
  24            {VOICE_Press,VOICE_One,VOICE_Add,VOICE_Administrator,VOICE_Password,DEF_VoiceSegmentEndFlag},
  25            {VOICE_Press,VOICE_Two,VOICE_Add,VOICE_User,VOICE_Password,DEF_VoiceSegmentEndFlag},
  26            {VOICE_Press,VOICE_Three,VOICE_Delete,VOICE_All,VOICE_User,VOICE_Password,DEF_VoiceSegmentEndFlag},
  27            {VOICE_PressAsteriskKey,VOICE_ReturnPreviousMenu,DEF_VoiceSegmentEndFlag}
  28          };
  29          
  30          code uint8_t CardUserMenuVoiceBuff[][7]={
  31            {VOICE_Press,VOICE_One,VOICE_Add,VOICE_Card,VOICE_User,DEF_VoiceSegmentEndFlag},
  32            {VOICE_Press,VOICE_Two,VOICE_Delete,VOICE_All,VOICE_Card,VOICE_User,DEF_VoiceSegmentEndFlag},
  33            {VOICE_PressAsteriskKey,VOICE_ReturnPreviousMenu,DEF_VoiceSegmentEndFlag}
  34          };
  35          
  36          code uint8_t LogMenuVoiceBuff[][7]={
  37            {VOICE_Press,VOICE_One,VOICE_Log,VOICE_Query,DEF_VoiceSegmentEndFlag},
  38            {VOICE_Press,VOICE_Two,VOICE_Delete,VOICE_Log,DEF_VoiceSegmentEndFlag},
  39            {VOICE_PressAsteriskKey,VOICE_ReturnPreviousMenu,DEF_VoiceSegmentEndFlag}
  40          };
  41          
  42          code uint8_t SystemConfigMenuVoiceBuff[][5]={
  43            {VOICE_Press,VOICE_One,VOICE_Time,VOICE_Setting,DEF_VoiceSegmentEndFlag},
  44          //  {VOICE_Press,VOICE_Two,VOICE_Language,VOICE_Setting,DEF_VoiceSegmentEndFlag},
  45            {VOICE_Press,VOICE_Two,VOICE_Voice,VOICE_Setting,DEF_VoiceSegmentEndFlag},
  46            {VOICE_Press,VOICE_Three,VOICE_NormallyOpen,VOICE_Setting,DEF_VoiceSegmentEndFlag},
  47            {VOICE_Press,VOICE_Four,VOICE_UnlockingMode,VOICE_Setting,DEF_VoiceSegmentEndFlag},
  48            {VOICE_Press,VOICE_Five,VOICE_AntiSkidAlarm,VOICE_Setting,DEF_VoiceSegmentEndFlag},
  49            {VOICE_Press,VOICE_Six,VOICE_RestoreFactoryDefault,VOICE_Setting,DEF_VoiceSegmentEndFlag},
  50            {VOICE_PressAsteriskKey,VOICE_ReturnPreviousMenu,DEF_VoiceSegmentEndFlag}
  51          };
  52          
C51 COMPILER V9.60.0.0   VOICE_MENU                                                        05/16/2023 14:42:17 PAGE 2   

  53          //code uint8_t VolumeSetLanguageBuff[][4]={ 
  54          //  {VOICE_Press,VOICE_One,VOICE_Chinese,DEF_VoiceSegmentEndFlag},
  55          ////  {VOICE_Press+1,VOICE_Two+1,VOICE_English,DEF_VoiceSegmentEndFlag},
  56          //  {VOICE_PressAsteriskKey,VOICE_ReturnPreviousMenu,DEF_VoiceSegmentEndFlag}
  57          //};
  58          
  59          
  60          code uint8_t VolumeSetVoiceBuff[][5]={  
  61            {VOICE_Press,VOICE_One,VOICE_Voice,VOICE_Open,DEF_VoiceSegmentEndFlag},
  62            {VOICE_Press,VOICE_Two,VOICE_Voice,VOICE_Close,DEF_VoiceSegmentEndFlag},
  63            {VOICE_PressAsteriskKey,VOICE_ReturnPreviousMenu,DEF_VoiceSegmentEndFlag}
  64          };
  65          code uint8_t VoiceStr_VoiceOpened[] = {VOICE_Voice,VOICE_Opened,DEF_VoiceSegmentEndFlag};
  66          code uint8_t VoiceStr_VoiceClosed[] = {VOICE_Voice,VOICE_Closed,DEF_VoiceSegmentEndFlag};
  67          
  68          code uint8_t ContinuedOpenModeSetVoiceBuff[][6]={ 
  69            {VOICE_Press,VOICE_One,VOICE_NormallyOpen,VOICE_Open,DEF_VoiceSegmentEndFlag},
  70            {VOICE_Press,VOICE_Two,VOICE_NormallyOpen,VOICE_Close,DEF_VoiceSegmentEndFlag},
  71            {VOICE_PressAsteriskKey,VOICE_ReturnPreviousMenu,DEF_VoiceSegmentEndFlag}
  72          };
  73          code uint8_t VoiceStr_NormallyOpenModeOpened[] = {VOICE_NormallyOpen,VOICE_Opened,DEF_VoiceSegmentEndFlag}
             -;
  74          code uint8_t VoiceStr_NormallyOpenModeClosed[] = {VOICE_NormallyOpen,VOICE_Closed,DEF_VoiceSegmentEndFlag}
             -;
  75          
  76          
  77          code uint8_t UnlockModeSetVoiceBuff[][4]={  
  78            {VOICE_Press,VOICE_One,VOICE_SingleUnlock,DEF_VoiceSegmentEndFlag},
  79            {VOICE_Press,VOICE_Two,VOICE_CombinationUnlock,DEF_VoiceSegmentEndFlag},
  80            {VOICE_PressAsteriskKey,VOICE_ReturnPreviousMenu,DEF_VoiceSegmentEndFlag}
  81          };
  82          code uint8_t VoiceStr_SingleUnlockModeOpened[] = {VOICE_SingleUnlock,VOICE_Opened,DEF_VoiceSegmentEndFlag}
             -;
  83          code uint8_t VoiceStr_CombinationUnlockModeOpened[] = {VOICE_CombinationUnlock,VOICE_Opened,DEF_VoiceSegme
             -ntEndFlag};
  84          
  85          
  86          code uint8_t PickAlarmSetVoiceBuff[][5]={ 
  87            {VOICE_Press,VOICE_One,VOICE_AntiSkidAlarm,VOICE_Open,DEF_VoiceSegmentEndFlag},
  88            {VOICE_Press,VOICE_Two,VOICE_AntiSkidAlarm,VOICE_Close,DEF_VoiceSegmentEndFlag},
  89            {VOICE_PressAsteriskKey,VOICE_ReturnPreviousMenu,DEF_VoiceSegmentEndFlag}
  90          };
  91          code uint8_t VoiceStr_PickAlarmOpened[] = {VOICE_AntiSkidAlarm,VOICE_Opened,DEF_VoiceSegmentEndFlag};
  92          code uint8_t VoiceStr_PickAlarmClosed[] = {VOICE_AntiSkidAlarm,VOICE_Closed,DEF_VoiceSegmentEndFlag};
  93            
  94          code uint8_t RestoreFactoryDefaultVoiceBuff[][4]={  
  95            {VOICE_PressPoundKey,VOICE_Confirm,VOICE_RestoreFactoryDefault,DEF_VoiceSegmentEndFlag},
  96            {VOICE_PressAsteriskKey,VOICE_ReturnPreviousMenu,DEF_VoiceSegmentEndFlag}
  97          };
  98            
  99          
 100          code uint8_t ConfirmDeleteVoiceBuff[]={VOICE_PressPoundKey,VOICE_ConfirmToDelete,VOICE_PressAsteriskKey,VO
             -ICE_ReturnPreviousMenu,DEF_VoiceSegmentEndFlag};
 101          
 102          code uint8_t SystemVersionVoiceBuff[][8]={
 103            SystemHardwareVersion,
 104            SystemFirmwareVersion
 105          };


MODULE INFORMATION:   STATIC OVERLAYABLE
   CODE SIZE        =   ----    ----
C51 COMPILER V9.60.0.0   VOICE_MENU                                                        05/16/2023 14:42:17 PAGE 3   

   CONSTANT SIZE    =    282    ----
   XDATA SIZE       =   ----    ----
   PDATA SIZE       =   ----    ----
   DATA SIZE        =   ----    ----
   IDATA SIZE       =   ----    ----
   BIT SIZE         =   ----    ----
   EDATA SIZE       =   ----    ----
   HDATA SIZE       =   ----    ----
   XDATA CONST SIZE =   ----    ----
   FAR CONST SIZE   =   ----    ----
END OF MODULE INFORMATION.


C51 COMPILATION COMPLETE.  0 WARNING(S),  0 ERROR(S)
