C51 COMPILER V9.60.0.0   GLOBAL_VARIABLE                                                   05/12/2023 14:12:17 PAGE 1   


C51 COMPILER V9.60.0.0, COMPILATION OF MODULE GLOBAL_VARIABLE
OBJECT MODULE PLACED IN .\Objects\global_variable.obj
COMPILER INVOKED BY: C:\Keil_v5\C51\BIN\C51.EXE Softwares\Basic\global_variable.c LARGE OMF2 OPTIMIZE(9,SPEED) BROWSE IN
                    -CDIR(.\Drivers\Lib\c;.\Drivers\Lib\H;.\Drivers\Lib\IAP_Lib;.\Drivers\Lib\TouchKey_lib;.\Drivers\Physical;.\Drivers\Proto
                    -col;.\Softwares\Application;.\Softwares\Basic;.\Softwares\ModuleLogic) DEBUG PRINT(.\Listings\global_variable.lst) TABS(
                    -2) OBJECT(.\Objects\global_variable.obj)

line level    source

   1          #include "global_variable.h"
   2          
   3          Timebase_t G_tflagbits;
   4          uint8_t G_BatLevel;
   5          uint16_t G_BatVoltage;
   6          systemtime_t SystemTime;
   7          systemtime_t TempSystemTime;
   8          uint32_t G_SystemUTCTime;
   9          UartRxMgr_t UART2_Mgr;
  10          uint8_t G_TEST;
  11          screen_t CurrentScreen;
  12          FpmAckMgr_t FpmAckMgr;
  13          FpUserRegisterMgr_t FpUserRegisterMgr;
  14          AllUserFpDeleteMgr_t  AllUserFpDeleteMgr;
  15          FpUserDeleteMgr_t FpUserDeleteMgr;
  16          FpIdentifyMgr_t FpIdentifyMgr;
  17          CardMemoryMgr_t CardMemoryMgr[DEF_MAX_CARDUSER];
  18          CardRegisterMgr_t CardUserRegisterMgr;
  19          CardIdentifyMgr_t CardIdentifyMgr;
  20          CardUserDeleteMgr_t CardUserDeleteMgr;
  21          AllCardUserDeleteMgr_t AllCardUserDeleteMgr;
  22          
  23          FpRegisterMgr_t FpRegisterMgr;
  24          
  25          PasscodeMemoryMgr_t PasscodeMemoryMgr[DEF_MAX_PASSCODEMASTER+DEF_MAX_PASSCODEUSER];
  26          PasscodeUserRegisterMgr_t PasscodeUserRegisterMgr;
  27          PasscodeUserDeleteMgr_t PasscodeUserDeleteMgr;
  28          AllPasscodeUserDeleteMgr_t AllPasscodeUserDeleteMgr;
  29          PasscodeUserIdentifyMgr_t PasscodeUserIdentifyMgr;
  30          BatteryMgr_t BatteryMgr;
  31          
  32          MotorMgr_t  MotorMgr;
  33          //EMAGNETMgr_t EMAGNETMgr;
  34          
  35          SystemPowerMgr_t SystemPowerMgr;
  36          
  37          BeepMgr_t BeepMgr;
  38          
  39          VoiceDataTransferMgr_t VoiceDataTransferMgr;
  40          VoiceDataTransferMgr_t VoiceDataTransferMgr2;
  41          
  42          FpUserMemoryMgr_t FpUserMemoryMgr[DEF_MAX_FPMASTER+DEF_MAX_FPUSER];
  43          
  44          RestoreFactoryDefaultMgr_t RestoreFactoryDefaultMgr;
  45          
  46          VoiceMgr_t VoiceMgr;
  47          PickAlarmEnableMgr_t PickAlarmEnableMgr;
  48          
  49          CheckHomManyRegisteredFPuser_t CheckHomManyRegisteredFPuser;
  50          CheckIfFpUserIDisRegistered_t CheckIfFpUserIDisRegistered;
  51          CheckMemoryMgr_t CheckMemoryMgr;
  52          ManagerIdentifyMgr_t ManagerIdentifyMgr;
C51 COMPILER V9.60.0.0   GLOBAL_VARIABLE                                                   05/12/2023 14:12:17 PAGE 2   

  53          DisplayMemoryUsageMgr_t DisplayMemoryUsageMgr;
  54          InitializationMgr_t InitializationMgr;
  55          ManagerPasscodeModifyMgr_t  ManagerPasscodeModifyMgr;
  56          UserIdentifyResultMgr_t UserIdentifyResultMgr;
  57          SelfTestMgr_t SelfTestMgr;
  58          
  59          SafetyMonitorMgr_t SafetyMonitorMgr;
  60          UnlockingModeMgr_t UnlockingModeMgr;
  61          
  62          FPMpowerMgr_t FPMpowerMgr;
  63          
  64          bool_t g_ASTERISK_PressedOnMainScreen;
  65          AgingTestMgr_t AgingTestMgr;
  66          
  67          LogMgr_t LogMgr;
  68          
  69          LockBrand_t LockBrand;
  70          
  71          CheckEventLogByDateMgr_t CheckEventLogByDateMgr;
  72          
  73          CheckEventLogBySequenceMgr_t CheckEventLogBySequenceMgr;
  74          
  75          TouchPowerMgr_t TouchPowerMgr;
  76          
  77          SystemLanguage_t SystemLanguage;
  78          
  79          AntiPryingMgr_t AntiPryingMgr;
  80          
  81          LogDeleteMgr_t LogDeleteMgr;
  82          
  83          FPMserialNumberManager_t FPMserialNumberManager;
  84          
  85          LEDsMgr_t LEDsMgr;
  86          
  87          //FpLEDState_t FpLEDState;
  88          
  89          VoiceReportLogMgr_t VoiceReportLogMgr;
  90          
  91          DriverBoardVersion_t DriverBoardVersion;
  92          
  93          DoorBellMgr_t DoorBellMgr;
  94          
  95          AwakeSystemKeyMgr_t AwakeSystemKeyMgr;
  96          


MODULE INFORMATION:   STATIC OVERLAYABLE
   CODE SIZE        =   ----    ----
   CONSTANT SIZE    =   ----    ----
   XDATA SIZE       =   1728    ----
   PDATA SIZE       =   ----    ----
   DATA SIZE        =   ----    ----
   IDATA SIZE       =   ----    ----
   BIT SIZE         =   ----    ----
   EDATA SIZE       =   ----    ----
   HDATA SIZE       =   ----    ----
   XDATA CONST SIZE =   ----    ----
   FAR CONST SIZE   =   ----    ----
END OF MODULE INFORMATION.


C51 COMPILATION COMPLETE.  0 WARNING(S),  0 ERROR(S)
