C51 COMPILER V9.60.0.0   I2C                                                               04/19/2023 13:57:29 PAGE 1   


C51 COMPILER V9.60.0.0, COMPILATION OF MODULE I2C
OBJECT MODULE PLACED IN .\Objects\i2c.obj
COMPILER INVOKED BY: C:\Keil_v5\C51\BIN\C51.EXE Drivers\Physical\i2c.c LARGE OMF2 OPTIMIZE(9,SPEED) BROWSE INCDIR(.\Driv
                    -ers\Lib\c;.\Drivers\Lib\H;.\Drivers\Lib\IAP_Lib;.\Drivers\Lib\TouchKey_lib;.\Drivers\Physical;.\Drivers\Protocol;.\Softw
                    -ares\Application;.\Softwares\Basic;.\Softwares\ModuleLogic;.\Drivers\Protocol\YC_NFC;.\Drivers\Protocol\WIFI_Tuya) DEBUG
                    - PRINT(.\Listings\i2c.lst) TABS(2) OBJECT(.\Objects\i2c.obj)

line level    source

   1          #include "i2c.h"
   2          #include "SC95F861xB_C.H"
   3          //bit TWI0_Flag = 0;
   4          
   5          void MX_I2C_Init()
   6          {
   7   1        P2CON &= ~0x30;  //设置P24 P25为高阻模式
   8   1        P2PH  &= ~0x30;
   9   1        
  10   1      //  OTCON |= 0x20;   //选择TWI0模式
  11   1      //  US0CON0 = 0x88;  //主模式， 使能应答标志位
  12   1      //  US0CON1 = 0x01;  //---- xxxx  x为时钟速率
  13   1      //  IE1 |= 0x01;
  14   1      //  EA = 1;
  15   1      }
  16          
  17          /*****************************************************
  18          *函数名称：void TWI0/PI/UART1_Int() interrupt 7
  19          *函数功能：SSI0中断函数
  20          *入口参数：void
  21          *出口参数：void
  22          *****************************************************/
  23          //void TWI0_Int() interrupt 7     //TWI0中断函数
  24          //{
  25          //  if(US0CON0&0x40)
  26          //  {
  27          //    US0CON0 &= 0xbf;  //中断清零
  28          //    TWI0_Flag = 1;
  29          //  } 
  30          //}


MODULE INFORMATION:   STATIC OVERLAYABLE
   CODE SIZE        =      7    ----
   CONSTANT SIZE    =   ----    ----
   XDATA SIZE       =   ----    ----
   PDATA SIZE       =   ----    ----
   DATA SIZE        =   ----    ----
   IDATA SIZE       =   ----    ----
   BIT SIZE         =   ----    ----
   EDATA SIZE       =   ----    ----
   HDATA SIZE       =   ----    ----
   XDATA CONST SIZE =   ----    ----
   FAR CONST SIZE   =   ----    ----
END OF MODULE INFORMATION.


C51 COMPILATION COMPLETE.  0 WARNING(S),  0 ERROR(S)
