C51 COMPILER V9.60.0.0   MAIN                                                              04/19/2023 13:57:32 PAGE 1   


C51 COMPILER V9.60.0.0, COMPILATION OF MODULE MAIN
OBJECT MODULE PLACED IN .\Objects\main.obj
COMPILER INVOKED BY: C:\Keil_v5\C51\BIN\C51.EXE Softwares\Application\main.c LARGE OMF2 OPTIMIZE(9,SPEED) BROWSE INCDIR(
                    -.\Drivers\Lib\c;.\Drivers\Lib\H;.\Drivers\Lib\IAP_Lib;.\Drivers\Lib\TouchKey_lib;.\Drivers\Physical;.\Drivers\Protocol;.
                    -\Softwares\Application;.\Softwares\Basic;.\Softwares\ModuleLogic;.\Drivers\Protocol\YC_NFC;.\Drivers\Protocol\WIFI_Tuya)
                    - DEBUG PRINT(.\Listings\main.lst) TABS(2) OBJECT(.\Objects\main.obj)

line level    source

   1          #include "i2c.h"
   2          #include "usart.h"
   3          #include "spi.h"
   4          #include "tim.h"
   5          #include "IO.h"
   6          #include "LCD_HFG12864.h"
   7          #include <string.h>
   8          #include "RTC_PCF8563.h"
   9          #include "RTC.h"
  10          #include "adc.h"
  11          #include "BeepMgr.h"
  12          #include "Key_SinOne.h"
  13          #include "MFC_WS1850.h"
  14          #include "yc_nfc_contactless_l1.h"
  15          #include "TuyaWIFI.h"
  16          #include "GUI_Function.h"
  17          #include "Basic_Function.h"
  18          #include "Flash.h"
  19          #include "FingerPrint.h"
  20          #include "LEDsMgr.h"
  21          #include "Motor.h"
  22          #include "Battery.h"
  23          #include "HallSlide.h"
  24          #include "Log.h"
  25          #include "LowPower.h"
  26          #include "FP.h"
  27          #include "GUI.h"
  28          
  29          /**************************************************************
  30          说明：
  31          ***************************************************************/
  32          uint8_t ReadRTC = 0;
  33          uint8_t TextBuff[10]={0x11,0x22,0x33};
  34          extern void test_fun();
  35          
  36          //uint8_t system_IC_busy_Flag = 0;
  37          void Main_System_Init(void)
  38          {
  39   1        EnableWDT();
  40   1        MX_GPIO_Init();
  41   1        SET_MFC_RST_H;
  42   1        MX_ADC1_Init();
  43   1        MX_TIM_Init();
  44   1        MX_SPI0_Init();
  45   1        MX_UART2_Init();
  46   1        
  47   1        #ifdef Function_TuyaWifi
  48   1        //Wifi_Init();
  49   1        Wifi_Rst();
  50   1        #endif
  51   1        
  52   1        FPcmd_Init();
C51 COMPILER V9.60.0.0   MAIN                                                              04/19/2023 13:57:32 PAGE 2   

  53   1        MX_I2C_Init();
  54   1        SET_POWER_ON;  
  55   1        #ifdef Function_USE_External_RTC
                PCF8563_Init();
                Hardware_DelayMs(10);
                #endif  
  59   1        FPMpowerMgr.Status = FPMpowerOn;
  60   1        VOICE_Init();
  61   1        MFC_Init();
  62   1        Hardware_DelayMs(10);
  63   1        Touch_Init();
  64   1        Hardware_DelayMs(10);
  65   1        SystemTime.year   =   0x20;
  66   1        SystemTime.month  =   1;
  67   1        SystemTime.date   =   1;
  68   1        SystemTime.day    =   3;
  69   1        SystemTime.hour     =   0;
  70   1        SystemTime.minute   =   0;
  71   1        SystemTime.second   =   0;
  72   1        #ifdef Function_USE_Internal_RTC
                G_SystemUTCTime = SystemTimeToUTC(SystemTime);
                #elif defined Function_USE_External_RTC
                PCF8563_WriteTime();
                #endif
  77   1        GUI_Init();
  78   1        
  79   1        SafetyMonitorMgr.FpIdentifyFailedTimes = 0;
  80   1        SafetyMonitorMgr.CardIdentifyFailedTimes = 0;
  81   1        SafetyMonitorMgr.PasscodeIdentifyFailedTimes = 0;
  82   1        SafetyMonitorMgr.ManagerPasscodeIdentifyFailedTimes = 0;
  83   1        SafetyMonitorMgr.SystemLocked = bFALSE;
  84   1        
  85   1        /* Configure The Touch*/
  86   1        #ifdef Function_EventLog
                LogMgr_Init();
                #endif
  89   1        /* Configure The Motor*/
  90   1        Hardware_MotorMgr_Init();
  91   1        
  92   1        CurrentScreen = SCREEN_Initialization;
  93   1        InitializationMgr.Status = StartInitialization;
  94   1        BatteryMgr.ProtectVoltageTriggerTimes = 0;
  95   1        BatteryMgr.LowBatteryProtectionEnabled = bFALSE;
  96   1        BatteryMgr.BatteryVoltage = 0;
  97   1        VoiceMgr.volume = 20; // default volume
  98   1        SET_VOLUME(VoiceMgr.volume);
  99   1        
 100   1        AntiPryingMgr.AntiPryingTrigger = bFALSE;
 101   1        AntiPryingMgr.AntiPryingSignalRelease = bFALSE; 
 102   1        #ifdef Function_HallSlide
                HallSlideCover_Init();
                #endif
 105   1        #ifdef Function_TuyaWifi
 106   1        WifiMgr.PowerState = WIFIPowerClosed;
 107   1        #endif
 108   1        RefreshSystemSleepTime();
 109   1      }
 110          void main(void)
 111          {
 112   1        uint8_t i;
 113   1        uint32_t Awake_key=0;
 114   1        
C51 COMPILER V9.60.0.0   MAIN                                                              04/19/2023 13:57:32 PAGE 3   

 115   1        FLASH_OB_Config();      //v121和中微有差异
 116   1        Main_System_Init();
 117   1        
 118   1        for (i = 0; i < 50; i++) 
 119   1        {
 120   2            Hardware_Task_Analog();
 121   2            HardwareBatteryMgr_Task();
 122   2        } //更新50次ADC
 123   1        
 124   1        #ifdef Function_FPMbreathingLed
 125   1        SetFPMbreathingLed(FPMbreathingLed_Bule);
 126   1        #endif
 127   1        Hardware_MotorMgr_Init(); //电机初始化
 128   1        
 129   1        while (1)
 130   1        {
 131   2          if ( G_tflagbits.T1024Hz == 1 )
 132   2          {
 133   3            G_tflagbits.T1024Hz =0;
 134   3          }
 135   2      
 136   2          if ( G_tflagbits.T256Hz == 1 )
 137   2          {
 138   3            G_tflagbits.T256Hz =0;      
 139   3          }
 140   2          
 141   2          if ( G_tflagbits.T64Hz == 1 )
 142   2          {
 143   3            G_tflagbits.T64Hz = 0;
 144   3        
 145   3            FPM_Mgr_Task();
 146   3            
 147   3            #if defined (Function_TuyaWifi)
 148   3            Wifi_Mgr_Task();
 149   3            #endif
 150   3      
 151   3            GUI_Task();
 152   3            
 153   3            Hardware_MotorMgr_Task(); 
 154   3      
 155   3            #if (defined ProjectIs_BarLock_S7702)
                    LEDsMgr_Task();
                    #endif
 158   3      
 159   3            if ( SystemPowerMgr.SleepDelayTimerCnt > 0 )
 160   3            {
 161   4              SystemPowerMgr.SleepDelayTimerCnt--;
 162   4            }
 163   3            
 164   3            if (SystemPowerMgr.AwakeTimerCnt < 60)
 165   3            {
 166   4              SystemPowerMgr.AwakeTimerCnt++;
 167   4            }
 168   3            #ifdef Function_HallSlide
                    HallSleep_Task();
                    #endif
 171   3            if (( MotorMgr.MotorStatus == IDLE )
 172   3              //&&( PINMACRO_KB_IRQ_STATUS != 0x00 )   
 173   3              &&( CurrentScreen != SCREEN_Initialization )
 174   3              &&( CurrentScreen != SCREEN_PickLockAlarm )
 175   3              &&( CurrentScreen != SCREEN_SystemLocked )
 176   3              &&( CurrentScreen != SCREEN_AgingTest )
C51 COMPILER V9.60.0.0   MAIN                                                              04/19/2023 13:57:32 PAGE 4   

 177   3      //        &&(CurrentScreen != SCREEN_SelfTest)
 178   3              &&((SystemPowerMgr.SleepDelayTimerCnt == 0x0000)  
 179   3                ) //casing closed
 180   3              )
 181   3            {
 182   4              System_PowerDown();
 183   4              System_Awake();
 184   4              CLRWDT();
 185   4              RefreshSystemSleepTime();
 186   4              SystemPowerMgr.AwakeTimerCnt=0x0000;
 187   4            }
 188   3          }
 189   2          
 190   2      //    if ( G_tflagbits.T16Hz == 1 )
 191   2      //    {
 192   2      //      
 193   2      //    }
 194   2          
 195   2          if ( G_tflagbits.T8Hz == 1 )
 196   2          {
 197   3            G_tflagbits.T8Hz =0;
 198   3            CLRWDT();
 199   3            #ifdef Function_ScreenDisplay
                    //if(system_IC_busy_Flag == 0)
                    {
                      for(i=0;i<8;i++)
                      { 
                        Display_Task();
                      }
                    }
                    #endif  
 208   3            //Uart3SendStr(TextBuff,3);
 209   3          }
 210   2      
 211   2          if ( G_tflagbits.T2Hz == 1 )
 212   2          {
 213   3            G_tflagbits.T2Hz =0;
 214   3          }
 215   2          
 216   2          if ( G_tflagbits.T1Hz == 1 )
 217   2          {
 218   3            G_tflagbits.T1Hz =0;
 219   3            //SystemTimeUpdate(); 
 220   3            #ifdef Function_TuyaWifi      
 221   3            WifiRemoteUnlockCountdown();
 222   3            #endif
 223   3      
 224   3            //EEPROM_TESTING();
 225   3            //MFC_Test();
 226   3            //Flash_Test();
 227   3            //AppUnlockTest();
 228   3            #ifdef Function_USE_Internal_RTC
                    SystemTime = UTCToSystemtime(G_SystemUTCTime);
                    #elif defined Function_USE_External_RTC
                    if( ReadRTC == 0 )
                    {
                      PCF8563_ReadTime();
                    }
                    ReadRTC += 1;
                    if(ReadRTC >= 5)
                    ReadRTC = 0;
                    #endif
C51 COMPILER V9.60.0.0   MAIN                                                              04/19/2023 13:57:32 PAGE 5   

 239   3            DEBUG_MARK;
 240   3            
 241   3          }
 242   2        }
 243   1      }
 244          
 245          
 246          
 247          


MODULE INFORMATION:   STATIC OVERLAYABLE
   CODE SIZE        =    426    ----
   CONSTANT SIZE    =   ----    ----
   XDATA SIZE       =     11       5
   PDATA SIZE       =   ----    ----
   DATA SIZE        =   ----    ----
   IDATA SIZE       =   ----    ----
   BIT SIZE         =   ----    ----
   EDATA SIZE       =   ----    ----
   HDATA SIZE       =   ----    ----
   XDATA CONST SIZE =   ----    ----
   FAR CONST SIZE   =   ----    ----
END OF MODULE INFORMATION.


C51 COMPILATION COMPLETE.  0 WARNING(S),  0 ERROR(S)
