C51 COMPILER V9.60.0.0   UART_INIT                                                         04/19/2023 14:20:20 PAGE 1   


C51 COMPILER V9.60.0.0, COMPILATION OF MODULE UART_INIT
OBJECT MODULE PLACED IN .\Objects\Uart_Init.obj
COMPILER INVOKED BY: C:\Keil_v5\C51\BIN\C51.EXE Drivers\Lib\c\Uart_Init.c LARGE OMF2 OPTIMIZE(9,SPEED) BROWSE INCDIR(.\D
                    -rivers\Lib\c;.\Drivers\Lib\H;.\Drivers\Lib\IAP_Lib;.\Drivers\Lib\TouchKey_lib;.\Drivers\Physical;.\Drivers\Protocol;.\So
                    -ftwares\Application;.\Softwares\Basic;.\Softwares\ModuleLogic) DEBUG PRINT(.\Listings\Uart_Init.lst) TABS(2) OBJECT(.\Ob
                    -jects\Uart_Init.obj)

line level    source

   1          #include "Function_Init.H" 
   2          
   3          void Uart_Init(uint Freq,unsigned long int baud);
   4          bit UartSendFlag = 0; //发送中断标志位
   5          bit UartReceiveFlag = 0; //接收中断标志位
   6          /*****************************************************
   7          *函数名称：void Uart_Test(void)
   8          *函数功能：Uart测试
   9          *入口参数：void
  10          *出口参数：void
  11          *****************************************************/
  12          void Uart_Test(void)
  13          {
  14   1        Uart_Init(32,9600);
  15   1        while(1)
  16   1        {
  17   2          SBUF = 0x05;
  18   2          while(!UartSendFlag);
  19   2          UartSendFlag = 0;
  20   2          Soft_Delay_us(1000);
  21   2        }
  22   1      }
  23          /*****************************************************
  24          *函数名称：void Uart_Init(uint Freq,unsigned long int baud)
  25          *函数功能：Uart中断初始化
  26          *入口参数：Freq-主频，baud-波特率
  27          *出口参数：void
  28          *****************************************************/
  29          void Uart_Init(uint Freq,unsigned long int baud)    //选择Timer1作为波特率信号发生器
  30          {
  31   1        P2CON &= 0xFC;   //TX/RX设置为输入带上拉
  32   1        P2PH  |= 0x03;
  33   1        SCON  |= 0X50;   //设置通信方式为模式一，允许接收
  34   1        TXCON |= 0X03;  //UART0时钟来源为定时器1
  35   1        TH1 = (Freq*1000000/baud)>>8;   //波特率为T1的溢出时间；
  36   1        TL1 = Freq*1000000/baud;
  37   1        TR1 = 0;  //SC95F861xB系列UARTO使用定时器1作为时钟源，TR1为0
  38   1        ET1 = 0;  
  39   1        EUART = 1;     //开启Uart中断
  40   1        EA = 1;
  41   1      }
  42          
  43          /*
  44          void Uart_Init(uint Freq,unsigned long int baud)    //选择Timer2作为波特率信号发生器
  45          {
  46            P2CON &= 0xFC;   //TX/RX设置为输入带上拉
  47            P2PH  |= 0x03;
  48          
  49            SCON  |= 0X50;   //设置通信方式为模式一，允许接收
  50              TXINX = 0x02;
  51            TMCON |= 0X04;
  52            TXMOD = 0X00;
C51 COMPILER V9.60.0.0   UART_INIT                                                         04/19/2023 14:20:20 PAGE 2   

  53            TXCON = 0X30;
  54            RCAPXH = Freq*1000000/baud/256;
  55            RCAPXL = Freq*1000000/baud%256;
  56            TRX = 0;
  57            ET2 = 0;
  58            EUART = 1;     //开启Uart中断
  59            EA = 1;
  60          }
  61          */
  62          
  63          /*****************************************************
  64          *函数名称：void UartInt(void) interrupt 4
  65          *函数功能：Uart中断函数
  66          *入口参数：void
  67          *出口参数：void
  68          *****************************************************/
  69          void UartInt(void) interrupt 4
  70          {
  71   1        if(TI) //UART0发送中断
  72   1        {
  73   2          TI = 0; 
  74   2          UartSendFlag = 1;   
  75   2        }
  76   1        if(RI) //UART0接收中断
  77   1        {
  78   2          RI = 0; 
  79   2          UartReceiveFlag = 1;
  80   2        } 
  81   1      }


MODULE INFORMATION:   STATIC OVERLAYABLE
   CODE SIZE        =    138    ----
   CONSTANT SIZE    =   ----    ----
   XDATA SIZE       =   ----       6
   PDATA SIZE       =   ----    ----
   DATA SIZE        =   ----    ----
   IDATA SIZE       =   ----    ----
   BIT SIZE         =      2    ----
   EDATA SIZE       =   ----    ----
   HDATA SIZE       =   ----    ----
   XDATA CONST SIZE =   ----    ----
   FAR CONST SIZE   =   ----    ----
END OF MODULE INFORMATION.


C51 COMPILATION COMPLETE.  0 WARNING(S),  0 ERROR(S)
