C51 COMPILER V9.60.0.0   KEYSCAN                                                           04/25/2023 09:51:31 PAGE 1   


C51 COMPILER V9.60.0.0, COMPILATION OF MODULE KEYSCAN
OBJECT MODULE PLACED IN .\Objects\KeyScan.obj
COMPILER INVOKED BY: C:\Keil_v5\C51\BIN\C51.EXE Softwares\ModuleLogic\KeyScan.c LARGE OMF2 OPTIMIZE(9,SPEED) BROWSE INCD
                    -IR(.\Drivers\Lib\c;.\Drivers\Lib\H;.\Drivers\Lib\IAP_Lib;.\Drivers\Lib\TouchKey_lib;.\Drivers\Physical;.\Drivers\Protoco
                    -l;.\Softwares\Application;.\Softwares\Basic;.\Softwares\ModuleLogic;.\Drivers\Protocol\YC_NFC;.\Drivers\Protocol\WIFI_Tu
                    -ya) DEBUG PRINT(.\Listings\KeyScan.lst) TABS(2) OBJECT(.\Objects\KeyScan.obj)

line level    source

   1          #include "IO.h"
   2          #include "KeyScan.h"
   3          #include "global_variable.h"
   4          #include "Key_SinOne.h"
   5          
   6          #define Def_KeyHoldTimeLimited 96     //1.5s
   7          #define Def_KeyHoldLongTimeLimited  192   //3s
   8          
   9          keycode_t NewKeycode,LastKeycode;
  10          uint16_t KeyHoldTimeCnt=0;
  11          uint8_t KEYSCANTIMECNT=0;
  12          extern bit KeyJustWakeUp;
  13          
  14          TouchKeyStatus_t TouchKeyStatus;
  15          
  16          void Key_Init(void)
  17          {
  18   1        TouchKeyStatus.KEY_ZERO_Pressed = bFALSE;
  19   1        TouchKeyStatus.KEY_ONE_Pressed = bFALSE;
  20   1        TouchKeyStatus.KEY_TWO_Pressed = bFALSE;
  21   1        TouchKeyStatus.KEY_THREE_Pressed = bFALSE;
  22   1        TouchKeyStatus.KEY_FOUR_Pressed = bFALSE;
  23   1        TouchKeyStatus.KEY_FIVE_Pressed = bFALSE;
  24   1        TouchKeyStatus.KEY_SIX_Pressed = bFALSE;
  25   1        TouchKeyStatus.KEY_SEVEN_Pressed = bFALSE;
  26   1        TouchKeyStatus.KEY_EIGHT_Pressed = bFALSE;
  27   1        TouchKeyStatus.KEY_NINE_Pressed = bFALSE;
  28   1        TouchKeyStatus.KEY_POUNDSIGN_Pressed = bFALSE;
  29   1        TouchKeyStatus.KEY_ASTERISK_Pressed = bFALSE;
  30   1        TouchKeyStatus.KEY_DOORBELL_Pressed = bFALSE;
  31   1        //TouchKeyStatus.KEY_DOORCLOSE_Pressed = bFALSE;
  32   1        TouchKeyStatus.KEY_INSIDEBUTTON_Pressed = bFALSE;
  33   1      }
  34          
  35          keycode_t Key_Scan(void)
  36          {
  37   1        uint32_t key_value,temp;
  38   1        
  39   1        keycode_t PostKeycode;
  40   1        
  41   1        key_value = KeyScanDrive();
  42   1        
  43   1        if(key_value!=0)
  44   1        {
  45   2          temp = key_value;
  46   2        }
  47   1        
  48   1        if (SystemPowerMgr.AwakeTimerCnt < 32 )
  49   1        {
  50   2          return KEY_NONE;
  51   2        }
  52   1        if( KeyJustWakeUp == 1 )
C51 COMPILER V9.60.0.0   KEYSCAN                                                           04/25/2023 09:51:31 PAGE 2   

  53   1        {
  54   2          if( key_value == 0 )
  55   2          {
  56   3            KeyJustWakeUp = 0;
  57   3          }
  58   2          return KEY_NONE;
  59   2        }
  60   1      
  61   1        KeyPressedJudge(key_value);
  62   1      
  63   1        if ( PINMACRO_ONBOARD_BUTTON_STATUS == 0 )
  64   1        {
  65   2          DEBUG_MARK;
  66   2          TouchKeyStatus.KEY_INSIDEBUTTON_Pressed = bTRUE;
  67   2        }
  68   1        #ifdef INSIDEBUTTONINTOMAINMENU
                else if (SystemPowerMgr.AwakeSource == SystemResetKey)    
                  {
                      TouchKeyStatus.KEY_INSIDEBUTTON_Pressed = bTRUE;
                      SystemPowerMgr.AwakeSource = DoNotCare; 
                      //CurrentScreen = SCREEN_ManagerIdentify;
                      //ManagerIdentifyMgr.Status = StartManagerIdentify;
                  }
                #endif
  77   1        else{
  78   2          TouchKeyStatus.KEY_INSIDEBUTTON_Pressed = bFALSE;
  79   2        }
  80   1      
  81   1          
  82   1        if ( (TouchKeyStatus.KEY_ZERO_Pressed == bTRUE )&&(LastKeycode == KEY_ZERO)){
  83   2          NewKeycode = KEY_ZERO;
  84   2        }
  85   1        else if ( (TouchKeyStatus.KEY_ONE_Pressed == bTRUE )&&(LastKeycode == KEY_ONE)){
  86   2          NewKeycode = KEY_ONE;
  87   2        }
  88   1        else if ( (TouchKeyStatus.KEY_TWO_Pressed == bTRUE )&&(LastKeycode == KEY_TWO)){
  89   2          NewKeycode = KEY_TWO;
  90   2        }
  91   1        else if ( (TouchKeyStatus.KEY_THREE_Pressed == bTRUE )&&(LastKeycode == KEY_THREE)){
  92   2          NewKeycode = KEY_THREE;
  93   2        }
  94   1        else if ( (TouchKeyStatus.KEY_FOUR_Pressed == bTRUE )&&(LastKeycode == KEY_FOUR)){
  95   2          NewKeycode = KEY_FOUR;
  96   2        }
  97   1        else if ( (TouchKeyStatus.KEY_FIVE_Pressed == bTRUE )&&(LastKeycode == KEY_FIVE)){
  98   2          NewKeycode = KEY_FIVE;
  99   2        }
 100   1        else if ( (TouchKeyStatus.KEY_SIX_Pressed == bTRUE )&&(LastKeycode == KEY_SIX)){
 101   2          NewKeycode = KEY_SIX;
 102   2        }
 103   1        else if ( (TouchKeyStatus.KEY_SEVEN_Pressed == bTRUE )&&(LastKeycode == KEY_SEVEN)){
 104   2          NewKeycode = KEY_SEVEN;
 105   2        }
 106   1        else if ( (TouchKeyStatus.KEY_EIGHT_Pressed == bTRUE )&&(LastKeycode == KEY_EIGHT)){
 107   2          NewKeycode = KEY_EIGHT;
 108   2        }
 109   1        else if ( (TouchKeyStatus.KEY_NINE_Pressed == bTRUE )&&(LastKeycode == KEY_NINE)){
 110   2          NewKeycode = KEY_NINE;
 111   2        }
 112   1        else if ( (TouchKeyStatus.KEY_POUNDSIGN_Pressed == bTRUE )&&(LastKeycode == KEY_POUNDSIGN)){
 113   2          NewKeycode = KEY_POUNDSIGN;
 114   2        }
C51 COMPILER V9.60.0.0   KEYSCAN                                                           04/25/2023 09:51:31 PAGE 3   

 115   1        else if ( (TouchKeyStatus.KEY_ASTERISK_Pressed == bTRUE )&&(LastKeycode == KEY_ASTERISK)){
 116   2          NewKeycode = KEY_ASTERISK;
 117   2        }
 118   1        else if ( (TouchKeyStatus.KEY_INSIDEBUTTON_Pressed == bTRUE )&&(LastKeycode == KEY_INSIDEBUTTON)){
 119   2          NewKeycode = KEY_INSIDEBUTTON;
 120   2        }
 121   1        else if ((TouchKeyStatus.KEY_DOORBELL_Pressed == bTRUE )&&(LastKeycode == KEY_DOORBELL))
 122   1        {
 123   2          NewKeycode = KEY_DOORBELL;
 124   2          DEBUG_MARK;
 125   2        }
 126   1        
 127   1        else if ( TouchKeyStatus.KEY_ZERO_Pressed == bTRUE ){
 128   2          NewKeycode = KEY_ZERO;
 129   2        }
 130   1        else if ( TouchKeyStatus.KEY_ONE_Pressed == bTRUE ){
 131   2          NewKeycode = KEY_ONE;
 132   2        }
 133   1        else if ( TouchKeyStatus.KEY_TWO_Pressed == bTRUE ){
 134   2          NewKeycode = KEY_TWO;
 135   2        }
 136   1        else if ( TouchKeyStatus.KEY_THREE_Pressed == bTRUE ){
 137   2          NewKeycode = KEY_THREE;
 138   2        }
 139   1        else if ( TouchKeyStatus.KEY_FOUR_Pressed == bTRUE ){
 140   2          NewKeycode = KEY_FOUR;
 141   2        }
 142   1        else if ( TouchKeyStatus.KEY_FIVE_Pressed == bTRUE ){
 143   2          NewKeycode = KEY_FIVE;
 144   2        }
 145   1        else if ( TouchKeyStatus.KEY_SIX_Pressed == bTRUE ){
 146   2          NewKeycode = KEY_SIX;
 147   2        }
 148   1        else if ( TouchKeyStatus.KEY_SEVEN_Pressed == bTRUE ){
 149   2          NewKeycode = KEY_SEVEN;
 150   2        }
 151   1        else if ( TouchKeyStatus.KEY_EIGHT_Pressed == bTRUE ){
 152   2          NewKeycode = KEY_EIGHT;
 153   2        }
 154   1        else if ( TouchKeyStatus.KEY_NINE_Pressed == bTRUE ){
 155   2          NewKeycode = KEY_NINE;
 156   2        }
 157   1        else if ( TouchKeyStatus.KEY_POUNDSIGN_Pressed == bTRUE ){
 158   2          NewKeycode = KEY_POUNDSIGN;
 159   2        }
 160   1        else if ( TouchKeyStatus.KEY_ASTERISK_Pressed == bTRUE ){
 161   2          NewKeycode = KEY_ASTERISK;
 162   2        }
 163   1        else if ( TouchKeyStatus.KEY_INSIDEBUTTON_Pressed == bTRUE ){
 164   2          NewKeycode = KEY_INSIDEBUTTON;
 165   2        }
 166   1        else if (TouchKeyStatus.KEY_DOORBELL_Pressed == bTRUE )
 167   1        {
 168   2          NewKeycode = KEY_DOORBELL;
 169   2        }
 170   1        
 171   1        else {
 172   2          NewKeycode = KEY_NONE;
 173   2        } 
 174   1      
 175   1        LEDsMgr.Keycode = NewKeycode;
 176   1      
C51 COMPILER V9.60.0.0   KEYSCAN                                                           04/25/2023 09:51:31 PAGE 4   

 177   1        if ( NewKeycode != KEY_NONE )
 178   1        {
 179   2          if ( NewKeycode !=LastKeycode )
 180   2          {
 181   3            if (NewKeycode != KEY_INSIDEBUTTON)
 182   3            {
 183   4              PostKeycode = NewKeycode;
 184   4            }
 185   3            else{
 186   4              PostKeycode = KEY_NONE; 
 187   4              DEBUG_MARK;
 188   4            }
 189   3            LastKeycode = NewKeycode;
 190   3            KeyHoldTimeCnt=0;
 191   3          }
 192   2          else
 193   2          {
 194   3            if ( KeyHoldTimeCnt <= Def_KeyHoldLongTimeLimited )
 195   3            {
 196   4              KeyHoldTimeCnt++;
 197   4              PostKeycode = KEY_NONE;     
 198   4            }
 199   3      
 200   3            if ( KeyHoldTimeCnt > Def_KeyHoldTimeLimited )
 201   3            {
 202   4              if ((KeyHoldTimeCnt >= Def_KeyHoldLongTimeLimited )&&( NewKeycode == KEY_INSIDEBUTTON))
 203   4              {
 204   5                PostKeycode = KEY_INSIDEBUTTON_HOLD_LONG;       
 205   5              }
 206   4              else{
 207   5                PostKeycode = KEY_NONE;
 208   5              }
 209   4              
 210   4              if ( ++KEYSCANTIMECNT > 127 ){
 211   5                KEYSCANTIMECNT=0;
 212   5              }
 213   4            }
 214   3            else{
 215   4              PostKeycode = KEY_NONE;
 216   4            }
 217   3          }
 218   2        }
 219   1        else
 220   1        {
 221   2          if (LastKeycode == KEY_INSIDEBUTTON){
 222   3            PostKeycode = LastKeycode;
 223   3          }
 224   2          else{
 225   3            PostKeycode = KEY_NONE; 
 226   3          }
 227   2          LastKeycode = NewKeycode;
 228   2          KeyHoldTimeCnt=0;
 229   2        }
 230   1      
 231   1        DEBUG_MARK;
 232   1      
 233   1        return PostKeycode;
 234   1      
 235   1      }
 236          
 237          

C51 COMPILER V9.60.0.0   KEYSCAN                                                           04/25/2023 09:51:31 PAGE 5   


MODULE INFORMATION:   STATIC OVERLAYABLE
   CODE SIZE        =    835    ----
   CONSTANT SIZE    =   ----    ----
   XDATA SIZE       =     22       9
   PDATA SIZE       =   ----    ----
   DATA SIZE        =   ----    ----
   IDATA SIZE       =   ----    ----
   BIT SIZE         =   ----    ----
   EDATA SIZE       =   ----    ----
   HDATA SIZE       =   ----    ----
   XDATA CONST SIZE =   ----    ----
   FAR CONST SIZE   =   ----    ----
END OF MODULE INFORMATION.


C51 COMPILATION COMPLETE.  0 WARNING(S),  0 ERROR(S)
